  MOPED: 127.0.0.1:27017 COMMAND      database=admin command={:ismaster=>1} runtime: 5.2280ms
  MOPED: 127.0.0.1:27017 QUERY        database=movie_reviews_development collection=yahoos selector={"$query"=>{}, "$orderby"=>{:_id=>1}} flags=[] limit=-1 skip=0 batch_size=nil fields=nil runtime: 67.0810ms
  MOPED: 127.0.0.1:27017 COMMAND      database=admin command={:ismaster=>1} runtime: 1.0950ms
  MOPED: 127.0.0.1:27017 COMMAND      database=movie_reviews_development command={:count=>"yahoos", :query=>{}} runtime: 2.1550ms
  MOPED: 127.0.0.1:27017 INSERT       database=movie_reviews_development collection=yahoos documents=[{"_id"=>BSON::ObjectId('5301ffff4d6163db98050000'), "updated_at"=>2014-02-17 12:26:39 UTC, "created_at"=>2014-02-17 12:26:39 UTC}] flags=[]
                         COMMAND      database=movie_reviews_development command={:getlasterror=>1, :w=>1} runtime: 48.9380ms
  MOPED: 127.0.0.1:27017 COMMAND      database=movie_reviews_development command={:count=>"yahoos", :query=>{}} runtime: 1.3750ms
  MOPED: 127.0.0.1:27017 COMMAND      database=admin command={:ismaster=>1} runtime: 1.1190ms
  MOPED: 127.0.0.1:27017 COMMAND      database=movie_reviews_development command={:count=>"yahoos", :query=>{}} runtime: 0.6530ms
  MOPED: 127.0.0.1:27017 QUERY        database=movie_reviews_development collection=yahoos selector={"$query"=>{}, "$orderby"=>{:_id=>-1}} flags=[] limit=-1 skip=0 batch_size=nil fields=nil runtime: 7.4980ms
  MOPED: 127.0.0.1:27017 QUERY        database=movie_reviews_development collection=yahoos selector={"$query"=>{}, "$orderby"=>{:_id=>1}} flags=[] limit=-1 skip=0 batch_size=nil fields=nil runtime: 1.3690ms
  MOPED: 127.0.0.1:27017 QUERY        database=movie_reviews_development collection=yahoos selector={"$query"=>{}, "$orderby"=>{:_id=>1}} flags=[] limit=-1 skip=0 batch_size=nil fields=nil runtime: 2.1610ms
  MOPED: 127.0.0.1:27017 QUERY        database=movie_reviews_development collection=yahoos selector={"$query"=>{}, "$orderby"=>{:_id=>-1}} flags=[] limit=-1 skip=0 batch_size=nil fields=nil runtime: 1.2300ms
  MOPED: 127.0.0.1:27017 COMMAND      database=movie_reviews_development command={:count=>"yahoos", :query=>{}} runtime: 0.7680ms
  MOPED: 127.0.0.1:27017 DELETE       database=movie_reviews_development collection=yahoos selector={} flags=[]
                         COMMAND      database=movie_reviews_development command={:getlasterror=>1, :w=>1} runtime: 1.2320ms
  MOPED: 127.0.0.1:27017 QUERY        database=movie_reviews_development collection=yahoos selector={"$query"=>{}, "$orderby"=>{:_id=>-1}} flags=[] limit=-1 skip=0 batch_size=nil fields=nil runtime: 1.5330ms
  MOPED: 127.0.0.1:27017 COMMAND      database=admin command={:ismaster=>1} runtime: 1.2080ms
  MOPED: 127.0.0.1:27017 QUERY        database=movie_reviews_development collection=yahoos selector={"$query"=>{}, "$orderby"=>{:_id=>-1}} flags=[] limit=-1 skip=0 batch_size=nil fields=nil runtime: 0.9410ms
  MOPED: 127.0.0.1:27017 INSERT       database=movie_reviews_development collection=yahoos documents=[{"_id"=>BSON::ObjectId('5302072f4d6163db98070000'), "updated_at"=>2014-02-17 12:57:19 UTC, "created_at"=>2014-02-17 12:57:19 UTC}] flags=[]
                         COMMAND      database=movie_reviews_development command={:getlasterror=>1, :w=>1} runtime: 1.4540ms
  MOPED: 127.0.0.1:27017 QUERY        database=movie_reviews_development collection=yahoos selector={"$query"=>{}, "$orderby"=>{:_id=>1}} flags=[] limit=-1 skip=0 batch_size=nil fields=nil runtime: 1.3680ms
  MOPED: 127.0.0.1:27017 QUERY        database=movie_reviews_development collection=yahoos selector={"$query"=>{}, "$orderby"=>{:_id=>-1}} flags=[] limit=-1 skip=0 batch_size=nil fields=nil runtime: 2.9410ms
  MOPED: 127.0.0.1:27017 COMMAND      database=admin command={:ismaster=>1} runtime: 2.0440ms
  MOPED: 127.0.0.1:27017 COMMAND      database=movie_reviews_development command={:count=>"yahoos", :query=>{}} runtime: 0.5260ms
  MOPED: 127.0.0.1:27017 DELETE       database=movie_reviews_development collection=yahoos selector={} flags=[]
                         COMMAND      database=movie_reviews_development command={:getlasterror=>1, :w=>1} runtime: 0.6700ms
  MOPED: 127.0.0.1:27017 COMMAND      database=admin command={:ismaster=>1} runtime: 49.3640ms
  MOPED: 127.0.0.1:27017 QUERY        database=movie_reviews_development collection=yahoos selector={"$query"=>{"mid"=>"347950"}, "$orderby"=>{:_id=>1}} flags=[] limit=-1 skip=0 batch_size=nil fields=nil runtime: 13.4070ms
  MOPED: 127.0.0.1:27017 QUERY        database=movie_reviews_development collection=yahoos selector={"$query"=>{"mid"=>"347950"}, "$orderby"=>{:_id=>1}} flags=[] limit=-1 skip=0 batch_size=nil fields=nil runtime: 1.5950ms
  MOPED: 127.0.0.1:27017 QUERY        database=movie_reviews_development collection=yahoos selector={"$query"=>{"mid"=>347950}, "$orderby"=>{:_id=>1}} flags=[] limit=-1 skip=0 batch_size=nil fields=nil runtime: 0.8790ms
  MOPED: 127.0.0.1:27017 COMMAND      database=admin command={:ismaster=>1} runtime: 30.7110ms
  MOPED: 127.0.0.1:27017 QUERY        database=movie_reviews_development collection=yahoos selector={"$query"=>{"mid"=>347950}, "$orderby"=>{:_id=>1}} flags=[] limit=-1 skip=0 batch_size=nil fields=nil runtime: 2.9710ms
  MOPED: 127.0.0.1:27017 QUERY        database=movie_reviews_development collection=yahoos selector={"$query"=>{"mid"=>347950}, "$orderby"=>{:_id=>1}} flags=[] limit=-1 skip=0 batch_size=nil fields=nil runtime: 2.4600ms
  MOPED: 127.0.0.1:27017 COMMAND      database=movie_reviews_development command={:count=>"reviews", :query=>{}} runtime: 1.3680ms
  MOPED: 127.0.0.1:27017 QUERY        database=movie_reviews_development collection=yahoos selector={"$query"=>{"mid"=>347950}, "$orderby"=>{:_id=>1}} flags=[] limit=-1 skip=0 batch_size=nil fields=nil runtime: 1.9700ms
  MOPED: 127.0.0.1:27017 QUERY        database=movie_reviews_development collection=yahoos selector={"$query"=>{"mid"=>347950}, "$orderby"=>{:_id=>1}} flags=[] limit=-1 skip=0 batch_size=nil fields=nil runtime: 2.3790ms
  MOPED: 127.0.0.1:27017 QUERY        database=movie_reviews_development collection=yahoos selector={"$query"=>{"mid"=>347950}, "$orderby"=>{:_id=>1}} flags=[] limit=-1 skip=0 batch_size=nil fields=nil runtime: 1.9000ms
  MOPED: 127.0.0.1:27017 QUERY        database=movie_reviews_development collection=yahoos selector={"$query"=>{"mid"=>347950}, "$orderby"=>{:_id=>1}} flags=[] limit=-1 skip=0 batch_size=nil fields=nil runtime: 3.1380ms
  MOPED: 127.0.0.1:27017 QUERY        database=movie_reviews_development collection=yahoos selector={"$query"=>{"mid"=>347950}, "$orderby"=>{:_id=>1}} flags=[] limit=-1 skip=0 batch_size=nil fields=nil runtime: 1.5830ms
  MOPED: 127.0.0.1:27017 QUERY        database=movie_reviews_development collection=yahoos selector={"$query"=>{"mid"=>347950}, "$orderby"=>{:_id=>1}} flags=[] limit=-1 skip=0 batch_size=nil fields=nil runtime: 1.8800ms
  MOPED: 127.0.0.1:27017 QUERY        database=movie_reviews_development collection=yahoos selector={"$query"=>{"mid"=>347950}, "$orderby"=>{:_id=>1}} flags=[] limit=-1 skip=0 batch_size=nil fields=nil runtime: 3.0900ms
  MOPED: 127.0.0.1:27017 COMMAND      database=admin command={:ismaster=>1} runtime: 0.8250ms
  MOPED: 127.0.0.1:27017 QUERY        database=movie_reviews_development collection=yahoos selector={"$query"=>{"mid"=>347950}, "$orderby"=>{:_id=>1}} flags=[] limit=-1 skip=0 batch_size=nil fields=nil runtime: 1.1300ms
  MOPED: 127.0.0.1:27017 QUERY        database=movie_reviews_development collection=yahoos selector={"$query"=>{"mid"=>347950}, "$orderby"=>{:_id=>1}} flags=[] limit=-1 skip=0 batch_size=nil fields=nil runtime: 2.4510ms
  MOPED: 127.0.0.1:27017 QUERY        database=movie_reviews_development collection=yahoos selector={"$query"=>{"mid"=>347950}, "$orderby"=>{:_id=>1}} flags=[] limit=-1 skip=0 batch_size=nil fields=nil runtime: 1.8870ms
  MOPED: 127.0.0.1:27017 QUERY        database=movie_reviews_development collection=yahoos selector={"$query"=>{"mid"=>347950}, "$orderby"=>{:_id=>1}} flags=[] limit=-1 skip=0 batch_size=nil fields=nil runtime: 3.7820ms
  MOPED: 127.0.0.1:27017 QUERY        database=movie_reviews_development collection=yahoos selector={"$query"=>{"mid"=>347950}, "$orderby"=>{:_id=>1}} flags=[] limit=-1 skip=0 batch_size=nil fields=nil runtime: 2.2680ms
  MOPED: 127.0.0.1:27017 QUERY        database=movie_reviews_development collection=yahoos selector={"$query"=>{"mid"=>347950}, "$orderby"=>{:_id=>1}} flags=[] limit=-1 skip=0 batch_size=nil fields=nil runtime: 1.9440ms
  MOPED: 127.0.0.1:27017 QUERY        database=movie_reviews_development collection=yahoos selector={"$query"=>{"mid"=>347950}, "$orderby"=>{:_id=>1}} flags=[] limit=-1 skip=0 batch_size=nil fields=nil runtime: 2.2160ms
  MOPED: 127.0.0.1:27017 QUERY        database=movie_reviews_development collection=yahoos selector={"$query"=>{"mid"=>347950}, "$orderby"=>{:_id=>1}} flags=[] limit=-1 skip=0 batch_size=nil fields=nil runtime: 1.3810ms
  MOPED: 127.0.0.1:27017 QUERY        database=movie_reviews_development collection=yahoos selector={"$query"=>{"mid"=>347950}, "$orderby"=>{:_id=>1}} flags=[] limit=-1 skip=0 batch_size=nil fields=nil runtime: 1.4330ms
  MOPED: 127.0.0.1:27017 COMMAND      database=admin command={:ismaster=>1} runtime: 1.6680ms
  MOPED: 127.0.0.1:27017 QUERY        database=movie_reviews_development collection=yahoos selector={"$query"=>{"mid"=>347950}, "$orderby"=>{:_id=>1}} flags=[] limit=-1 skip=0 batch_size=nil fields=nil runtime: 1.1580ms
  MOPED: 127.0.0.1:27017 QUERY        database=movie_reviews_development collection=yahoos selector={"$query"=>{"mid"=>347950}, "$orderby"=>{:_id=>1}} flags=[] limit=-1 skip=0 batch_size=nil fields=nil runtime: 1.5020ms


Started GET "/" for 127.0.0.1 at 2014-03-01 15:20:25 +0900
Processing by Rails::WelcomeController#index as HTML
  Rendered /Users/okura/.rvm/gems/ruby-2.1.0/gems/railties-4.0.2/lib/rails/templates/rails/welcome/index.html.erb (4.6ms)
Completed 200 OK in 60ms (Views: 20.8ms)


Started GET "/dsf" for 127.0.0.1 at 2014-03-01 15:20:29 +0900

ActionController::RoutingError (No route matches [GET] "/dsf"):
  actionpack (4.0.2) lib/action_dispatch/middleware/debug_exceptions.rb:21:in `call'
  actionpack (4.0.2) lib/action_dispatch/middleware/show_exceptions.rb:30:in `call'
  railties (4.0.2) lib/rails/rack/logger.rb:38:in `call_app'
  railties (4.0.2) lib/rails/rack/logger.rb:20:in `block in call'
  activesupport (4.0.2) lib/active_support/tagged_logging.rb:67:in `block in tagged'
  activesupport (4.0.2) lib/active_support/tagged_logging.rb:25:in `tagged'
  activesupport (4.0.2) lib/active_support/tagged_logging.rb:67:in `tagged'
  railties (4.0.2) lib/rails/rack/logger.rb:20:in `call'
  actionpack (4.0.2) lib/action_dispatch/middleware/request_id.rb:21:in `call'
  rack (1.5.2) lib/rack/methodoverride.rb:21:in `call'
  rack (1.5.2) lib/rack/runtime.rb:17:in `call'
  activesupport (4.0.2) lib/active_support/cache/strategy/local_cache.rb:83:in `call'
  rack (1.5.2) lib/rack/lock.rb:17:in `call'
  actionpack (4.0.2) lib/action_dispatch/middleware/static.rb:64:in `call'
  rack (1.5.2) lib/rack/sendfile.rb:112:in `call'
  railties (4.0.2) lib/rails/engine.rb:511:in `call'
  railties (4.0.2) lib/rails/application.rb:97:in `call'
  rack (1.5.2) lib/rack/lock.rb:17:in `call'
  rack (1.5.2) lib/rack/content_length.rb:14:in `call'
  rack (1.5.2) lib/rack/handler/webrick.rb:60:in `service'
  /Users/okura/.rvm/rubies/ruby-2.1.0/lib/ruby/2.1.0/webrick/httpserver.rb:138:in `service'
  /Users/okura/.rvm/rubies/ruby-2.1.0/lib/ruby/2.1.0/webrick/httpserver.rb:94:in `run'
  /Users/okura/.rvm/rubies/ruby-2.1.0/lib/ruby/2.1.0/webrick/server.rb:295:in `block in start_thread'


  Rendered /Users/okura/.rvm/gems/ruby-2.1.0/gems/actionpack-4.0.2/lib/action_dispatch/middleware/templates/rescues/_trace.erb (2.2ms)
  Rendered /Users/okura/.rvm/gems/ruby-2.1.0/gems/actionpack-4.0.2/lib/action_dispatch/middleware/templates/routes/_route.html.erb (2.8ms)
  Rendered /Users/okura/.rvm/gems/ruby-2.1.0/gems/actionpack-4.0.2/lib/action_dispatch/middleware/templates/routes/_table.html.erb (11.2ms)
  Rendered /Users/okura/.rvm/gems/ruby-2.1.0/gems/actionpack-4.0.2/lib/action_dispatch/middleware/templates/rescues/routing_error.erb within rescues/layout (71.7ms)


Started GET "/movie/1" for 127.0.0.1 at 2014-03-01 15:20:40 +0900

ActionController::RoutingError (uninitialized constant MovieController):
  activesupport (4.0.2) lib/active_support/inflector/methods.rb:226:in `const_get'
  activesupport (4.0.2) lib/active_support/inflector/methods.rb:226:in `block in constantize'
  activesupport (4.0.2) lib/active_support/inflector/methods.rb:224:in `each'
  activesupport (4.0.2) lib/active_support/inflector/methods.rb:224:in `inject'
  activesupport (4.0.2) lib/active_support/inflector/methods.rb:224:in `constantize'
  actionpack (4.0.2) lib/action_dispatch/routing/route_set.rb:76:in `controller_reference'
  actionpack (4.0.2) lib/action_dispatch/routing/route_set.rb:66:in `controller'
  actionpack (4.0.2) lib/action_dispatch/routing/route_set.rb:44:in `call'
  actionpack (4.0.2) lib/action_dispatch/journey/router.rb:71:in `block in call'
  actionpack (4.0.2) lib/action_dispatch/journey/router.rb:59:in `each'
  actionpack (4.0.2) lib/action_dispatch/journey/router.rb:59:in `call'
  actionpack (4.0.2) lib/action_dispatch/routing/route_set.rb:680:in `call'
  rack (1.5.2) lib/rack/etag.rb:23:in `call'
  rack (1.5.2) lib/rack/conditionalget.rb:25:in `call'
  rack (1.5.2) lib/rack/head.rb:11:in `call'
  actionpack (4.0.2) lib/action_dispatch/middleware/params_parser.rb:27:in `call'
  actionpack (4.0.2) lib/action_dispatch/middleware/flash.rb:241:in `call'
  rack (1.5.2) lib/rack/session/abstract/id.rb:225:in `context'
  rack (1.5.2) lib/rack/session/abstract/id.rb:220:in `call'
  actionpack (4.0.2) lib/action_dispatch/middleware/cookies.rb:486:in `call'
  actionpack (4.0.2) lib/action_dispatch/middleware/callbacks.rb:29:in `block in call'
  activesupport (4.0.2) lib/active_support/callbacks.rb:373:in `_run__2316808651759401295__call__callbacks'
  activesupport (4.0.2) lib/active_support/callbacks.rb:80:in `run_callbacks'
  actionpack (4.0.2) lib/action_dispatch/middleware/callbacks.rb:27:in `call'
  actionpack (4.0.2) lib/action_dispatch/middleware/reloader.rb:64:in `call'
  actionpack (4.0.2) lib/action_dispatch/middleware/remote_ip.rb:76:in `call'
  actionpack (4.0.2) lib/action_dispatch/middleware/debug_exceptions.rb:17:in `call'
  actionpack (4.0.2) lib/action_dispatch/middleware/show_exceptions.rb:30:in `call'
  railties (4.0.2) lib/rails/rack/logger.rb:38:in `call_app'
  railties (4.0.2) lib/rails/rack/logger.rb:20:in `block in call'
  activesupport (4.0.2) lib/active_support/tagged_logging.rb:67:in `block in tagged'
  activesupport (4.0.2) lib/active_support/tagged_logging.rb:25:in `tagged'
  activesupport (4.0.2) lib/active_support/tagged_logging.rb:67:in `tagged'
  railties (4.0.2) lib/rails/rack/logger.rb:20:in `call'
  actionpack (4.0.2) lib/action_dispatch/middleware/request_id.rb:21:in `call'
  rack (1.5.2) lib/rack/methodoverride.rb:21:in `call'
  rack (1.5.2) lib/rack/runtime.rb:17:in `call'
  activesupport (4.0.2) lib/active_support/cache/strategy/local_cache.rb:83:in `call'
  rack (1.5.2) lib/rack/lock.rb:17:in `call'
  actionpack (4.0.2) lib/action_dispatch/middleware/static.rb:64:in `call'
  rack (1.5.2) lib/rack/sendfile.rb:112:in `call'
  railties (4.0.2) lib/rails/engine.rb:511:in `call'
  railties (4.0.2) lib/rails/application.rb:97:in `call'
  rack (1.5.2) lib/rack/lock.rb:17:in `call'
  rack (1.5.2) lib/rack/content_length.rb:14:in `call'
  rack (1.5.2) lib/rack/handler/webrick.rb:60:in `service'
  /Users/okura/.rvm/rubies/ruby-2.1.0/lib/ruby/2.1.0/webrick/httpserver.rb:138:in `service'
  /Users/okura/.rvm/rubies/ruby-2.1.0/lib/ruby/2.1.0/webrick/httpserver.rb:94:in `run'
  /Users/okura/.rvm/rubies/ruby-2.1.0/lib/ruby/2.1.0/webrick/server.rb:295:in `block in start_thread'


  Rendered /Users/okura/.rvm/gems/ruby-2.1.0/gems/actionpack-4.0.2/lib/action_dispatch/middleware/templates/rescues/_trace.erb (2.2ms)
  Rendered /Users/okura/.rvm/gems/ruby-2.1.0/gems/actionpack-4.0.2/lib/action_dispatch/middleware/templates/routes/_route.html.erb (2.5ms)
  Rendered /Users/okura/.rvm/gems/ruby-2.1.0/gems/actionpack-4.0.2/lib/action_dispatch/middleware/templates/routes/_table.html.erb (2.2ms)
  Rendered /Users/okura/.rvm/gems/ruby-2.1.0/gems/actionpack-4.0.2/lib/action_dispatch/middleware/templates/rescues/routing_error.erb within rescues/layout (45.9ms)


Started GET "/movie/2" for 127.0.0.1 at 2014-03-01 15:20:44 +0900

ActionController::RoutingError (uninitialized constant MovieController):
  activesupport (4.0.2) lib/active_support/inflector/methods.rb:226:in `const_get'
  activesupport (4.0.2) lib/active_support/inflector/methods.rb:226:in `block in constantize'
  activesupport (4.0.2) lib/active_support/inflector/methods.rb:224:in `each'
  activesupport (4.0.2) lib/active_support/inflector/methods.rb:224:in `inject'
  activesupport (4.0.2) lib/active_support/inflector/methods.rb:224:in `constantize'
  actionpack (4.0.2) lib/action_dispatch/routing/route_set.rb:76:in `controller_reference'
  actionpack (4.0.2) lib/action_dispatch/routing/route_set.rb:66:in `controller'
  actionpack (4.0.2) lib/action_dispatch/routing/route_set.rb:44:in `call'
  actionpack (4.0.2) lib/action_dispatch/journey/router.rb:71:in `block in call'
  actionpack (4.0.2) lib/action_dispatch/journey/router.rb:59:in `each'
  actionpack (4.0.2) lib/action_dispatch/journey/router.rb:59:in `call'
  actionpack (4.0.2) lib/action_dispatch/routing/route_set.rb:680:in `call'
  rack (1.5.2) lib/rack/etag.rb:23:in `call'
  rack (1.5.2) lib/rack/conditionalget.rb:25:in `call'
  rack (1.5.2) lib/rack/head.rb:11:in `call'
  actionpack (4.0.2) lib/action_dispatch/middleware/params_parser.rb:27:in `call'
  actionpack (4.0.2) lib/action_dispatch/middleware/flash.rb:241:in `call'
  rack (1.5.2) lib/rack/session/abstract/id.rb:225:in `context'
  rack (1.5.2) lib/rack/session/abstract/id.rb:220:in `call'
  actionpack (4.0.2) lib/action_dispatch/middleware/cookies.rb:486:in `call'
  actionpack (4.0.2) lib/action_dispatch/middleware/callbacks.rb:29:in `block in call'
  activesupport (4.0.2) lib/active_support/callbacks.rb:373:in `_run__2316808651759401295__call__callbacks'
  activesupport (4.0.2) lib/active_support/callbacks.rb:80:in `run_callbacks'
  actionpack (4.0.2) lib/action_dispatch/middleware/callbacks.rb:27:in `call'
  actionpack (4.0.2) lib/action_dispatch/middleware/reloader.rb:64:in `call'
  actionpack (4.0.2) lib/action_dispatch/middleware/remote_ip.rb:76:in `call'
  actionpack (4.0.2) lib/action_dispatch/middleware/debug_exceptions.rb:17:in `call'
  actionpack (4.0.2) lib/action_dispatch/middleware/show_exceptions.rb:30:in `call'
  railties (4.0.2) lib/rails/rack/logger.rb:38:in `call_app'
  railties (4.0.2) lib/rails/rack/logger.rb:20:in `block in call'
  activesupport (4.0.2) lib/active_support/tagged_logging.rb:67:in `block in tagged'
  activesupport (4.0.2) lib/active_support/tagged_logging.rb:25:in `tagged'
  activesupport (4.0.2) lib/active_support/tagged_logging.rb:67:in `tagged'
  railties (4.0.2) lib/rails/rack/logger.rb:20:in `call'
  actionpack (4.0.2) lib/action_dispatch/middleware/request_id.rb:21:in `call'
  rack (1.5.2) lib/rack/methodoverride.rb:21:in `call'
  rack (1.5.2) lib/rack/runtime.rb:17:in `call'
  activesupport (4.0.2) lib/active_support/cache/strategy/local_cache.rb:83:in `call'
  rack (1.5.2) lib/rack/lock.rb:17:in `call'
  actionpack (4.0.2) lib/action_dispatch/middleware/static.rb:64:in `call'
  rack (1.5.2) lib/rack/sendfile.rb:112:in `call'
  railties (4.0.2) lib/rails/engine.rb:511:in `call'
  railties (4.0.2) lib/rails/application.rb:97:in `call'
  rack (1.5.2) lib/rack/lock.rb:17:in `call'
  rack (1.5.2) lib/rack/content_length.rb:14:in `call'
  rack (1.5.2) lib/rack/handler/webrick.rb:60:in `service'
  /Users/okura/.rvm/rubies/ruby-2.1.0/lib/ruby/2.1.0/webrick/httpserver.rb:138:in `service'
  /Users/okura/.rvm/rubies/ruby-2.1.0/lib/ruby/2.1.0/webrick/httpserver.rb:94:in `run'
  /Users/okura/.rvm/rubies/ruby-2.1.0/lib/ruby/2.1.0/webrick/server.rb:295:in `block in start_thread'


  Rendered /Users/okura/.rvm/gems/ruby-2.1.0/gems/actionpack-4.0.2/lib/action_dispatch/middleware/templates/rescues/_trace.erb (2.4ms)
  Rendered /Users/okura/.rvm/gems/ruby-2.1.0/gems/actionpack-4.0.2/lib/action_dispatch/middleware/templates/routes/_route.html.erb (2.4ms)
  Rendered /Users/okura/.rvm/gems/ruby-2.1.0/gems/actionpack-4.0.2/lib/action_dispatch/middleware/templates/routes/_table.html.erb (2.1ms)
  Rendered /Users/okura/.rvm/gems/ruby-2.1.0/gems/actionpack-4.0.2/lib/action_dispatch/middleware/templates/rescues/routing_error.erb within rescues/layout (39.6ms)


Started GET "/movie" for 127.0.0.1 at 2014-03-01 15:20:55 +0900

ActionController::RoutingError (uninitialized constant MovieController):
  activesupport (4.0.2) lib/active_support/inflector/methods.rb:226:in `const_get'
  activesupport (4.0.2) lib/active_support/inflector/methods.rb:226:in `block in constantize'
  activesupport (4.0.2) lib/active_support/inflector/methods.rb:224:in `each'
  activesupport (4.0.2) lib/active_support/inflector/methods.rb:224:in `inject'
  activesupport (4.0.2) lib/active_support/inflector/methods.rb:224:in `constantize'
  actionpack (4.0.2) lib/action_dispatch/routing/route_set.rb:76:in `controller_reference'
  actionpack (4.0.2) lib/action_dispatch/routing/route_set.rb:66:in `controller'
  actionpack (4.0.2) lib/action_dispatch/routing/route_set.rb:44:in `call'
  actionpack (4.0.2) lib/action_dispatch/journey/router.rb:71:in `block in call'
  actionpack (4.0.2) lib/action_dispatch/journey/router.rb:59:in `each'
  actionpack (4.0.2) lib/action_dispatch/journey/router.rb:59:in `call'
  actionpack (4.0.2) lib/action_dispatch/routing/route_set.rb:680:in `call'
  rack (1.5.2) lib/rack/etag.rb:23:in `call'
  rack (1.5.2) lib/rack/conditionalget.rb:25:in `call'
  rack (1.5.2) lib/rack/head.rb:11:in `call'
  actionpack (4.0.2) lib/action_dispatch/middleware/params_parser.rb:27:in `call'
  actionpack (4.0.2) lib/action_dispatch/middleware/flash.rb:241:in `call'
  rack (1.5.2) lib/rack/session/abstract/id.rb:225:in `context'
  rack (1.5.2) lib/rack/session/abstract/id.rb:220:in `call'
  actionpack (4.0.2) lib/action_dispatch/middleware/cookies.rb:486:in `call'
  actionpack (4.0.2) lib/action_dispatch/middleware/callbacks.rb:29:in `block in call'
  activesupport (4.0.2) lib/active_support/callbacks.rb:373:in `_run__2316808651759401295__call__callbacks'
  activesupport (4.0.2) lib/active_support/callbacks.rb:80:in `run_callbacks'
  actionpack (4.0.2) lib/action_dispatch/middleware/callbacks.rb:27:in `call'
  actionpack (4.0.2) lib/action_dispatch/middleware/reloader.rb:64:in `call'
  actionpack (4.0.2) lib/action_dispatch/middleware/remote_ip.rb:76:in `call'
  actionpack (4.0.2) lib/action_dispatch/middleware/debug_exceptions.rb:17:in `call'
  actionpack (4.0.2) lib/action_dispatch/middleware/show_exceptions.rb:30:in `call'
  railties (4.0.2) lib/rails/rack/logger.rb:38:in `call_app'
  railties (4.0.2) lib/rails/rack/logger.rb:20:in `block in call'
  activesupport (4.0.2) lib/active_support/tagged_logging.rb:67:in `block in tagged'
  activesupport (4.0.2) lib/active_support/tagged_logging.rb:25:in `tagged'
  activesupport (4.0.2) lib/active_support/tagged_logging.rb:67:in `tagged'
  railties (4.0.2) lib/rails/rack/logger.rb:20:in `call'
  actionpack (4.0.2) lib/action_dispatch/middleware/request_id.rb:21:in `call'
  rack (1.5.2) lib/rack/methodoverride.rb:21:in `call'
  rack (1.5.2) lib/rack/runtime.rb:17:in `call'
  activesupport (4.0.2) lib/active_support/cache/strategy/local_cache.rb:83:in `call'
  rack (1.5.2) lib/rack/lock.rb:17:in `call'
  actionpack (4.0.2) lib/action_dispatch/middleware/static.rb:64:in `call'
  rack (1.5.2) lib/rack/sendfile.rb:112:in `call'
  railties (4.0.2) lib/rails/engine.rb:511:in `call'
  railties (4.0.2) lib/rails/application.rb:97:in `call'
  rack (1.5.2) lib/rack/lock.rb:17:in `call'
  rack (1.5.2) lib/rack/content_length.rb:14:in `call'
  rack (1.5.2) lib/rack/handler/webrick.rb:60:in `service'
  /Users/okura/.rvm/rubies/ruby-2.1.0/lib/ruby/2.1.0/webrick/httpserver.rb:138:in `service'
  /Users/okura/.rvm/rubies/ruby-2.1.0/lib/ruby/2.1.0/webrick/httpserver.rb:94:in `run'
  /Users/okura/.rvm/rubies/ruby-2.1.0/lib/ruby/2.1.0/webrick/server.rb:295:in `block in start_thread'


  Rendered /Users/okura/.rvm/gems/ruby-2.1.0/gems/actionpack-4.0.2/lib/action_dispatch/middleware/templates/rescues/_trace.erb (2.4ms)
  Rendered /Users/okura/.rvm/gems/ruby-2.1.0/gems/actionpack-4.0.2/lib/action_dispatch/middleware/templates/routes/_route.html.erb (2.6ms)
  Rendered /Users/okura/.rvm/gems/ruby-2.1.0/gems/actionpack-4.0.2/lib/action_dispatch/middleware/templates/routes/_table.html.erb (2.0ms)
  Rendered /Users/okura/.rvm/gems/ruby-2.1.0/gems/actionpack-4.0.2/lib/action_dispatch/middleware/templates/rescues/routing_error.erb within rescues/layout (40.2ms)


Started GET "/movie" for 127.0.0.1 at 2014-03-01 15:21:22 +0900

ActionController::RoutingError (uninitialized constant MovieController):
  activesupport (4.0.2) lib/active_support/inflector/methods.rb:226:in `const_get'
  activesupport (4.0.2) lib/active_support/inflector/methods.rb:226:in `block in constantize'
  activesupport (4.0.2) lib/active_support/inflector/methods.rb:224:in `each'
  activesupport (4.0.2) lib/active_support/inflector/methods.rb:224:in `inject'
  activesupport (4.0.2) lib/active_support/inflector/methods.rb:224:in `constantize'
  actionpack (4.0.2) lib/action_dispatch/routing/route_set.rb:76:in `controller_reference'
  actionpack (4.0.2) lib/action_dispatch/routing/route_set.rb:66:in `controller'
  actionpack (4.0.2) lib/action_dispatch/routing/route_set.rb:44:in `call'
  actionpack (4.0.2) lib/action_dispatch/journey/router.rb:71:in `block in call'
  actionpack (4.0.2) lib/action_dispatch/journey/router.rb:59:in `each'
  actionpack (4.0.2) lib/action_dispatch/journey/router.rb:59:in `call'
  actionpack (4.0.2) lib/action_dispatch/routing/route_set.rb:680:in `call'
  rack (1.5.2) lib/rack/etag.rb:23:in `call'
  rack (1.5.2) lib/rack/conditionalget.rb:25:in `call'
  rack (1.5.2) lib/rack/head.rb:11:in `call'
  actionpack (4.0.2) lib/action_dispatch/middleware/params_parser.rb:27:in `call'
  actionpack (4.0.2) lib/action_dispatch/middleware/flash.rb:241:in `call'
  rack (1.5.2) lib/rack/session/abstract/id.rb:225:in `context'
  rack (1.5.2) lib/rack/session/abstract/id.rb:220:in `call'
  actionpack (4.0.2) lib/action_dispatch/middleware/cookies.rb:486:in `call'
  actionpack (4.0.2) lib/action_dispatch/middleware/callbacks.rb:29:in `block in call'
  activesupport (4.0.2) lib/active_support/callbacks.rb:373:in `_run__2316808651759401295__call__callbacks'
  activesupport (4.0.2) lib/active_support/callbacks.rb:80:in `run_callbacks'
  actionpack (4.0.2) lib/action_dispatch/middleware/callbacks.rb:27:in `call'
  actionpack (4.0.2) lib/action_dispatch/middleware/reloader.rb:64:in `call'
  actionpack (4.0.2) lib/action_dispatch/middleware/remote_ip.rb:76:in `call'
  actionpack (4.0.2) lib/action_dispatch/middleware/debug_exceptions.rb:17:in `call'
  actionpack (4.0.2) lib/action_dispatch/middleware/show_exceptions.rb:30:in `call'
  railties (4.0.2) lib/rails/rack/logger.rb:38:in `call_app'
  railties (4.0.2) lib/rails/rack/logger.rb:20:in `block in call'
  activesupport (4.0.2) lib/active_support/tagged_logging.rb:67:in `block in tagged'
  activesupport (4.0.2) lib/active_support/tagged_logging.rb:25:in `tagged'
  activesupport (4.0.2) lib/active_support/tagged_logging.rb:67:in `tagged'
  railties (4.0.2) lib/rails/rack/logger.rb:20:in `call'
  actionpack (4.0.2) lib/action_dispatch/middleware/request_id.rb:21:in `call'
  rack (1.5.2) lib/rack/methodoverride.rb:21:in `call'
  rack (1.5.2) lib/rack/runtime.rb:17:in `call'
  activesupport (4.0.2) lib/active_support/cache/strategy/local_cache.rb:83:in `call'
  rack (1.5.2) lib/rack/lock.rb:17:in `call'
  actionpack (4.0.2) lib/action_dispatch/middleware/static.rb:64:in `call'
  rack (1.5.2) lib/rack/sendfile.rb:112:in `call'
  railties (4.0.2) lib/rails/engine.rb:511:in `call'
  railties (4.0.2) lib/rails/application.rb:97:in `call'
  rack (1.5.2) lib/rack/lock.rb:17:in `call'
  rack (1.5.2) lib/rack/content_length.rb:14:in `call'
  rack (1.5.2) lib/rack/handler/webrick.rb:60:in `service'
  /Users/okura/.rvm/rubies/ruby-2.1.0/lib/ruby/2.1.0/webrick/httpserver.rb:138:in `service'
  /Users/okura/.rvm/rubies/ruby-2.1.0/lib/ruby/2.1.0/webrick/httpserver.rb:94:in `run'
  /Users/okura/.rvm/rubies/ruby-2.1.0/lib/ruby/2.1.0/webrick/server.rb:295:in `block in start_thread'


  Rendered /Users/okura/.rvm/gems/ruby-2.1.0/gems/actionpack-4.0.2/lib/action_dispatch/middleware/templates/rescues/_trace.erb (2.8ms)
  Rendered /Users/okura/.rvm/gems/ruby-2.1.0/gems/actionpack-4.0.2/lib/action_dispatch/middleware/templates/routes/_route.html.erb (3.0ms)
  Rendered /Users/okura/.rvm/gems/ruby-2.1.0/gems/actionpack-4.0.2/lib/action_dispatch/middleware/templates/routes/_table.html.erb (2.5ms)
  Rendered /Users/okura/.rvm/gems/ruby-2.1.0/gems/actionpack-4.0.2/lib/action_dispatch/middleware/templates/rescues/routing_error.erb within rescues/layout (46.3ms)


Started GET "/movie" for 127.0.0.1 at 2014-03-01 15:21:51 +0900
Processing by MovieController#index as HTML
Completed 500 Internal Server Error in 73ms

ActionView::MissingTemplate (Missing template movie/index, application/index with {:locale=>[:en], :formats=>[:html], :handlers=>[:erb, :builder, :raw, :ruby, :jbuilder, :slim, :coffee]}. Searched in:
  * "/Users/okura/Dropbox/movie_reviews/app/views"
  * "/Users/okura/.rvm/gems/ruby-2.1.0/bundler/gems/twitter-bootstrap-rails-915a9ab30592/app/views"
):
  actionpack (4.0.2) lib/action_view/path_set.rb:46:in `find'
  actionpack (4.0.2) lib/action_view/lookup_context.rb:122:in `find'
  actionpack (4.0.2) lib/action_view/renderer/abstract_renderer.rb:18:in `find_template'
  actionpack (4.0.2) lib/action_view/renderer/template_renderer.rb:35:in `determine_template'
  actionpack (4.0.2) lib/action_view/renderer/template_renderer.rb:8:in `render'
  actionpack (4.0.2) lib/action_view/renderer/renderer.rb:42:in `render_template'
  actionpack (4.0.2) lib/action_view/renderer/renderer.rb:23:in `render'
  actionpack (4.0.2) lib/abstract_controller/rendering.rb:127:in `_render_template'
  actionpack (4.0.2) lib/action_controller/metal/streaming.rb:219:in `_render_template'
  actionpack (4.0.2) lib/abstract_controller/rendering.rb:120:in `render_to_body'
  actionpack (4.0.2) lib/action_controller/metal/rendering.rb:33:in `render_to_body'
  actionpack (4.0.2) lib/action_controller/metal/renderers.rb:26:in `render_to_body'
  actionpack (4.0.2) lib/abstract_controller/rendering.rb:97:in `render'
  actionpack (4.0.2) lib/action_controller/metal/rendering.rb:16:in `render'
  actionpack (4.0.2) lib/action_controller/metal/instrumentation.rb:41:in `block (2 levels) in render'
  activesupport (4.0.2) lib/active_support/core_ext/benchmark.rb:12:in `block in ms'
  /Users/okura/.rvm/rubies/ruby-2.1.0/lib/ruby/2.1.0/benchmark.rb:294:in `realtime'
  activesupport (4.0.2) lib/active_support/core_ext/benchmark.rb:12:in `ms'
  actionpack (4.0.2) lib/action_controller/metal/instrumentation.rb:41:in `block in render'
  actionpack (4.0.2) lib/action_controller/metal/instrumentation.rb:84:in `cleanup_view_runtime'
  actionpack (4.0.2) lib/action_controller/metal/instrumentation.rb:40:in `render'
  actionpack (4.0.2) lib/action_controller/metal/implicit_render.rb:10:in `default_render'
  actionpack (4.0.2) lib/action_controller/metal/implicit_render.rb:5:in `send_action'
  actionpack (4.0.2) lib/abstract_controller/base.rb:189:in `process_action'
  actionpack (4.0.2) lib/action_controller/metal/rendering.rb:10:in `process_action'
  actionpack (4.0.2) lib/abstract_controller/callbacks.rb:18:in `block in process_action'
  activesupport (4.0.2) lib/active_support/callbacks.rb:403:in `_run__39366492848655538__process_action__callbacks'
  activesupport (4.0.2) lib/active_support/callbacks.rb:80:in `run_callbacks'
  actionpack (4.0.2) lib/abstract_controller/callbacks.rb:17:in `process_action'
  actionpack (4.0.2) lib/action_controller/metal/rescue.rb:29:in `process_action'
  actionpack (4.0.2) lib/action_controller/metal/instrumentation.rb:31:in `block in process_action'
  activesupport (4.0.2) lib/active_support/notifications.rb:159:in `block in instrument'
  activesupport (4.0.2) lib/active_support/notifications/instrumenter.rb:20:in `instrument'
  activesupport (4.0.2) lib/active_support/notifications.rb:159:in `instrument'
  actionpack (4.0.2) lib/action_controller/metal/instrumentation.rb:30:in `process_action'
  actionpack (4.0.2) lib/action_controller/metal/params_wrapper.rb:245:in `process_action'
  actionpack (4.0.2) lib/abstract_controller/base.rb:136:in `process'
  actionpack (4.0.2) lib/abstract_controller/rendering.rb:44:in `process'
  actionpack (4.0.2) lib/action_controller/metal.rb:195:in `dispatch'
  actionpack (4.0.2) lib/action_controller/metal/rack_delegation.rb:13:in `dispatch'
  actionpack (4.0.2) lib/action_controller/metal.rb:231:in `block in action'
  actionpack (4.0.2) lib/action_dispatch/routing/route_set.rb:80:in `call'
  actionpack (4.0.2) lib/action_dispatch/routing/route_set.rb:80:in `dispatch'
  actionpack (4.0.2) lib/action_dispatch/routing/route_set.rb:48:in `call'
  actionpack (4.0.2) lib/action_dispatch/journey/router.rb:71:in `block in call'
  actionpack (4.0.2) lib/action_dispatch/journey/router.rb:59:in `each'
  actionpack (4.0.2) lib/action_dispatch/journey/router.rb:59:in `call'
  actionpack (4.0.2) lib/action_dispatch/routing/route_set.rb:680:in `call'
  rack (1.5.2) lib/rack/etag.rb:23:in `call'
  rack (1.5.2) lib/rack/conditionalget.rb:25:in `call'
  rack (1.5.2) lib/rack/head.rb:11:in `call'
  actionpack (4.0.2) lib/action_dispatch/middleware/params_parser.rb:27:in `call'
  actionpack (4.0.2) lib/action_dispatch/middleware/flash.rb:241:in `call'
  rack (1.5.2) lib/rack/session/abstract/id.rb:225:in `context'
  rack (1.5.2) lib/rack/session/abstract/id.rb:220:in `call'
  actionpack (4.0.2) lib/action_dispatch/middleware/cookies.rb:486:in `call'
  actionpack (4.0.2) lib/action_dispatch/middleware/callbacks.rb:29:in `block in call'
  activesupport (4.0.2) lib/active_support/callbacks.rb:373:in `_run__2316808651759401295__call__callbacks'
  activesupport (4.0.2) lib/active_support/callbacks.rb:80:in `run_callbacks'
  actionpack (4.0.2) lib/action_dispatch/middleware/callbacks.rb:27:in `call'
  actionpack (4.0.2) lib/action_dispatch/middleware/reloader.rb:64:in `call'
  actionpack (4.0.2) lib/action_dispatch/middleware/remote_ip.rb:76:in `call'
  actionpack (4.0.2) lib/action_dispatch/middleware/debug_exceptions.rb:17:in `call'
  actionpack (4.0.2) lib/action_dispatch/middleware/show_exceptions.rb:30:in `call'
  railties (4.0.2) lib/rails/rack/logger.rb:38:in `call_app'
  railties (4.0.2) lib/rails/rack/logger.rb:20:in `block in call'
  activesupport (4.0.2) lib/active_support/tagged_logging.rb:67:in `block in tagged'
  activesupport (4.0.2) lib/active_support/tagged_logging.rb:25:in `tagged'
  activesupport (4.0.2) lib/active_support/tagged_logging.rb:67:in `tagged'
  railties (4.0.2) lib/rails/rack/logger.rb:20:in `call'
  actionpack (4.0.2) lib/action_dispatch/middleware/request_id.rb:21:in `call'
  rack (1.5.2) lib/rack/methodoverride.rb:21:in `call'
  rack (1.5.2) lib/rack/runtime.rb:17:in `call'
  activesupport (4.0.2) lib/active_support/cache/strategy/local_cache.rb:83:in `call'
  rack (1.5.2) lib/rack/lock.rb:17:in `call'
  actionpack (4.0.2) lib/action_dispatch/middleware/static.rb:64:in `call'
  rack (1.5.2) lib/rack/sendfile.rb:112:in `call'
  railties (4.0.2) lib/rails/engine.rb:511:in `call'
  railties (4.0.2) lib/rails/application.rb:97:in `call'
  rack (1.5.2) lib/rack/lock.rb:17:in `call'
  rack (1.5.2) lib/rack/content_length.rb:14:in `call'
  rack (1.5.2) lib/rack/handler/webrick.rb:60:in `service'
  /Users/okura/.rvm/rubies/ruby-2.1.0/lib/ruby/2.1.0/webrick/httpserver.rb:138:in `service'
  /Users/okura/.rvm/rubies/ruby-2.1.0/lib/ruby/2.1.0/webrick/httpserver.rb:94:in `run'
  /Users/okura/.rvm/rubies/ruby-2.1.0/lib/ruby/2.1.0/webrick/server.rb:295:in `block in start_thread'


  Rendered /Users/okura/.rvm/gems/ruby-2.1.0/gems/actionpack-4.0.2/lib/action_dispatch/middleware/templates/rescues/missing_template.erb within rescues/layout (0.8ms)


Started GET "/movie" for 127.0.0.1 at 2014-03-01 15:22:46 +0900
Processing by MovieController#index as HTML
Completed 500 Internal Server Error in 4ms

ActionView::MissingTemplate (Missing template movie/index, application/index with {:locale=>[:en], :formats=>[:html], :handlers=>[:erb, :builder, :raw, :ruby, :jbuilder, :slim, :coffee]}. Searched in:
  * "/Users/okura/Dropbox/movie_reviews/app/views"
  * "/Users/okura/.rvm/gems/ruby-2.1.0/bundler/gems/twitter-bootstrap-rails-915a9ab30592/app/views"
):
  actionpack (4.0.2) lib/action_view/path_set.rb:46:in `find'
  actionpack (4.0.2) lib/action_view/lookup_context.rb:122:in `find'
  actionpack (4.0.2) lib/action_view/renderer/abstract_renderer.rb:18:in `find_template'
  actionpack (4.0.2) lib/action_view/renderer/template_renderer.rb:35:in `determine_template'
  actionpack (4.0.2) lib/action_view/renderer/template_renderer.rb:8:in `render'
  actionpack (4.0.2) lib/action_view/renderer/renderer.rb:42:in `render_template'
  actionpack (4.0.2) lib/action_view/renderer/renderer.rb:23:in `render'
  actionpack (4.0.2) lib/abstract_controller/rendering.rb:127:in `_render_template'
  actionpack (4.0.2) lib/action_controller/metal/streaming.rb:219:in `_render_template'
  actionpack (4.0.2) lib/abstract_controller/rendering.rb:120:in `render_to_body'
  actionpack (4.0.2) lib/action_controller/metal/rendering.rb:33:in `render_to_body'
  actionpack (4.0.2) lib/action_controller/metal/renderers.rb:26:in `render_to_body'
  actionpack (4.0.2) lib/abstract_controller/rendering.rb:97:in `render'
  actionpack (4.0.2) lib/action_controller/metal/rendering.rb:16:in `render'
  actionpack (4.0.2) lib/action_controller/metal/instrumentation.rb:41:in `block (2 levels) in render'
  activesupport (4.0.2) lib/active_support/core_ext/benchmark.rb:12:in `block in ms'
  /Users/okura/.rvm/rubies/ruby-2.1.0/lib/ruby/2.1.0/benchmark.rb:294:in `realtime'
  activesupport (4.0.2) lib/active_support/core_ext/benchmark.rb:12:in `ms'
  actionpack (4.0.2) lib/action_controller/metal/instrumentation.rb:41:in `block in render'
  actionpack (4.0.2) lib/action_controller/metal/instrumentation.rb:84:in `cleanup_view_runtime'
  actionpack (4.0.2) lib/action_controller/metal/instrumentation.rb:40:in `render'
  actionpack (4.0.2) lib/action_controller/metal/implicit_render.rb:10:in `default_render'
  actionpack (4.0.2) lib/action_controller/metal/implicit_render.rb:5:in `send_action'
  actionpack (4.0.2) lib/abstract_controller/base.rb:189:in `process_action'
  actionpack (4.0.2) lib/action_controller/metal/rendering.rb:10:in `process_action'
  actionpack (4.0.2) lib/abstract_controller/callbacks.rb:18:in `block in process_action'
  activesupport (4.0.2) lib/active_support/callbacks.rb:403:in `_run__39366492848655538__process_action__callbacks'
  activesupport (4.0.2) lib/active_support/callbacks.rb:80:in `run_callbacks'
  actionpack (4.0.2) lib/abstract_controller/callbacks.rb:17:in `process_action'
  actionpack (4.0.2) lib/action_controller/metal/rescue.rb:29:in `process_action'
  actionpack (4.0.2) lib/action_controller/metal/instrumentation.rb:31:in `block in process_action'
  activesupport (4.0.2) lib/active_support/notifications.rb:159:in `block in instrument'
  activesupport (4.0.2) lib/active_support/notifications/instrumenter.rb:20:in `instrument'
  activesupport (4.0.2) lib/active_support/notifications.rb:159:in `instrument'
  actionpack (4.0.2) lib/action_controller/metal/instrumentation.rb:30:in `process_action'
  actionpack (4.0.2) lib/action_controller/metal/params_wrapper.rb:245:in `process_action'
  actionpack (4.0.2) lib/abstract_controller/base.rb:136:in `process'
  actionpack (4.0.2) lib/abstract_controller/rendering.rb:44:in `process'
  actionpack (4.0.2) lib/action_controller/metal.rb:195:in `dispatch'
  actionpack (4.0.2) lib/action_controller/metal/rack_delegation.rb:13:in `dispatch'
  actionpack (4.0.2) lib/action_controller/metal.rb:231:in `block in action'
  actionpack (4.0.2) lib/action_dispatch/routing/route_set.rb:80:in `call'
  actionpack (4.0.2) lib/action_dispatch/routing/route_set.rb:80:in `dispatch'
  actionpack (4.0.2) lib/action_dispatch/routing/route_set.rb:48:in `call'
  actionpack (4.0.2) lib/action_dispatch/journey/router.rb:71:in `block in call'
  actionpack (4.0.2) lib/action_dispatch/journey/router.rb:59:in `each'
  actionpack (4.0.2) lib/action_dispatch/journey/router.rb:59:in `call'
  actionpack (4.0.2) lib/action_dispatch/routing/route_set.rb:680:in `call'
  rack (1.5.2) lib/rack/etag.rb:23:in `call'
  rack (1.5.2) lib/rack/conditionalget.rb:25:in `call'
  rack (1.5.2) lib/rack/head.rb:11:in `call'
  actionpack (4.0.2) lib/action_dispatch/middleware/params_parser.rb:27:in `call'
  actionpack (4.0.2) lib/action_dispatch/middleware/flash.rb:241:in `call'
  rack (1.5.2) lib/rack/session/abstract/id.rb:225:in `context'
  rack (1.5.2) lib/rack/session/abstract/id.rb:220:in `call'
  actionpack (4.0.2) lib/action_dispatch/middleware/cookies.rb:486:in `call'
  actionpack (4.0.2) lib/action_dispatch/middleware/callbacks.rb:29:in `block in call'
  activesupport (4.0.2) lib/active_support/callbacks.rb:373:in `_run__2316808651759401295__call__callbacks'
  activesupport (4.0.2) lib/active_support/callbacks.rb:80:in `run_callbacks'
  actionpack (4.0.2) lib/action_dispatch/middleware/callbacks.rb:27:in `call'
  actionpack (4.0.2) lib/action_dispatch/middleware/reloader.rb:64:in `call'
  actionpack (4.0.2) lib/action_dispatch/middleware/remote_ip.rb:76:in `call'
  actionpack (4.0.2) lib/action_dispatch/middleware/debug_exceptions.rb:17:in `call'
  actionpack (4.0.2) lib/action_dispatch/middleware/show_exceptions.rb:30:in `call'
  railties (4.0.2) lib/rails/rack/logger.rb:38:in `call_app'
  railties (4.0.2) lib/rails/rack/logger.rb:20:in `block in call'
  activesupport (4.0.2) lib/active_support/tagged_logging.rb:67:in `block in tagged'
  activesupport (4.0.2) lib/active_support/tagged_logging.rb:25:in `tagged'
  activesupport (4.0.2) lib/active_support/tagged_logging.rb:67:in `tagged'
  railties (4.0.2) lib/rails/rack/logger.rb:20:in `call'
  actionpack (4.0.2) lib/action_dispatch/middleware/request_id.rb:21:in `call'
  rack (1.5.2) lib/rack/methodoverride.rb:21:in `call'
  rack (1.5.2) lib/rack/runtime.rb:17:in `call'
  activesupport (4.0.2) lib/active_support/cache/strategy/local_cache.rb:83:in `call'
  rack (1.5.2) lib/rack/lock.rb:17:in `call'
  actionpack (4.0.2) lib/action_dispatch/middleware/static.rb:64:in `call'
  rack (1.5.2) lib/rack/sendfile.rb:112:in `call'
  railties (4.0.2) lib/rails/engine.rb:511:in `call'
  railties (4.0.2) lib/rails/application.rb:97:in `call'
  rack (1.5.2) lib/rack/lock.rb:17:in `call'
  rack (1.5.2) lib/rack/content_length.rb:14:in `call'
  rack (1.5.2) lib/rack/handler/webrick.rb:60:in `service'
  /Users/okura/.rvm/rubies/ruby-2.1.0/lib/ruby/2.1.0/webrick/httpserver.rb:138:in `service'
  /Users/okura/.rvm/rubies/ruby-2.1.0/lib/ruby/2.1.0/webrick/httpserver.rb:94:in `run'
  /Users/okura/.rvm/rubies/ruby-2.1.0/lib/ruby/2.1.0/webrick/server.rb:295:in `block in start_thread'


  Rendered /Users/okura/.rvm/gems/ruby-2.1.0/gems/actionpack-4.0.2/lib/action_dispatch/middleware/templates/rescues/missing_template.erb within rescues/layout (0.8ms)


Started GET "/movies" for 127.0.0.1 at 2014-03-01 15:23:22 +0900
Processing by MoviesController#index as HTML
  MOPED: 127.0.0.1:27017 COMMAND      database=admin command={:ismaster=>1} runtime: 5.2220ms
  MOPED: 127.0.0.1:27017 QUERY        database=movie_reviews_development collection=yahoos selector={} flags=[] limit=0 skip=0 batch_size=nil fields=nil runtime: 0.8520ms
  Rendered movies/index.html.slim within layouts/application (37.3ms)
Completed 200 OK in 941ms (Views: 913.1ms)


Started GET "/assets/jquery.js?body=1" for 127.0.0.1 at 2014-03-01 15:23:23 +0900


Started GET "/assets/jquery_ujs.js?body=1" for 127.0.0.1 at 2014-03-01 15:23:23 +0900


Started GET "/assets/turbolinks.js?body=1" for 127.0.0.1 at 2014-03-01 15:23:23 +0900


Started GET "/assets/application.js?body=1" for 127.0.0.1 at 2014-03-01 15:23:23 +0900


Started GET "/assets/application.css?body=1" for 127.0.0.1 at 2014-03-01 15:23:23 +0900


Started GET "/movies" for 127.0.0.1 at 2014-03-01 15:26:40 +0900
Processing by MoviesController#index as HTML
  MOPED: 127.0.0.1:27017 COMMAND      database=admin command={:ismaster=>1} runtime: 1.1280ms
  MOPED: 127.0.0.1:27017 QUERY        database=movie_reviews_development collection=yahoos selector={} flags=[] limit=0 skip=0 batch_size=nil fields=nil runtime: 1.4270ms
  Rendered movies/index.html.slim within layouts/application (47.5ms)
Completed 200 OK in 57ms (Views: 56.3ms)


Started GET "/assets/jquery.js?body=1" for 127.0.0.1 at 2014-03-01 15:26:40 +0900


Started GET "/assets/application.js?body=1" for 127.0.0.1 at 2014-03-01 15:26:40 +0900


Started GET "/assets/turbolinks.js?body=1" for 127.0.0.1 at 2014-03-01 15:26:40 +0900


Started GET "/assets/application.css?body=1" for 127.0.0.1 at 2014-03-01 15:26:40 +0900


Started GET "/assets/jquery_ujs.js?body=1" for 127.0.0.1 at 2014-03-01 15:26:40 +0900


Started GET "/movies" for 127.0.0.1 at 2014-03-01 15:28:20 +0900
Processing by MoviesController#index as HTML
  MOPED: 127.0.0.1:27017 COMMAND      database=admin command={:ismaster=>1} runtime: 0.7300ms
  MOPED: 127.0.0.1:27017 QUERY        database=movie_reviews_development collection=yahoos selector={} flags=[] limit=0 skip=0 batch_size=nil fields=nil runtime: 0.6710ms
  Rendered movies/index.html.slim within layouts/application (10.9ms)
Completed 200 OK in 22ms (Views: 21.1ms)


Started GET "/assets/application.css?body=1" for 127.0.0.1 at 2014-03-01 15:28:20 +0900


Started GET "/assets/jquery.js?body=1" for 127.0.0.1 at 2014-03-01 15:28:20 +0900


Started GET "/assets/turbolinks.js?body=1" for 127.0.0.1 at 2014-03-01 15:28:20 +0900


Started GET "/assets/application.js?body=1" for 127.0.0.1 at 2014-03-01 15:28:20 +0900


Started GET "/assets/jquery_ujs.js?body=1" for 127.0.0.1 at 2014-03-01 15:28:20 +0900


Started GET "/movies" for 127.0.0.1 at 2014-03-01 15:28:44 +0900
Processing by MoviesController#index as HTML
  MOPED: 127.0.0.1:27017 COMMAND      database=admin command={:ismaster=>1} runtime: 0.7090ms
  MOPED: 127.0.0.1:27017 QUERY        database=movie_reviews_development collection=yahoos selector={} flags=[] limit=0 skip=0 batch_size=nil fields=nil runtime: 0.6910ms
  Rendered movies/index.html.slim within layouts/application (12.5ms)
Completed 200 OK in 27ms (Views: 25.7ms)


Started GET "/assets/jquery_ujs.js?body=1" for 127.0.0.1 at 2014-03-01 15:28:44 +0900


Started GET "/assets/turbolinks.js?body=1" for 127.0.0.1 at 2014-03-01 15:28:44 +0900


Started GET "/assets/jquery.js?body=1" for 127.0.0.1 at 2014-03-01 15:28:44 +0900


Started GET "/assets/application.js?body=1" for 127.0.0.1 at 2014-03-01 15:28:44 +0900


Started GET "/assets/application.css?body=1" for 127.0.0.1 at 2014-03-01 15:28:44 +0900


Started GET "/movies" for 127.0.0.1 at 2014-03-01 15:34:13 +0900
Processing by MoviesController#index as HTML
  MOPED: 127.0.0.1:27017 COMMAND      database=admin command={:ismaster=>1} runtime: 1.4890ms
  MOPED: 127.0.0.1:27017 QUERY        database=movie_reviews_development collection=yahoos selector={} flags=[] limit=0 skip=0 batch_size=nil fields=nil runtime: 1.1580ms
  Rendered movies/index.html.slim within layouts/application (14.7ms)
Completed 200 OK in 27ms (Views: 22.8ms)


Started GET "/assets/application.css?body=1" for 127.0.0.1 at 2014-03-01 15:34:13 +0900


Started GET "/assets/jquery_ujs.js?body=1" for 127.0.0.1 at 2014-03-01 15:34:13 +0900


Started GET "/assets/jquery.js?body=1" for 127.0.0.1 at 2014-03-01 15:34:13 +0900


Started GET "/assets/application.js?body=1" for 127.0.0.1 at 2014-03-01 15:34:13 +0900


Started GET "/assets/turbolinks.js?body=1" for 127.0.0.1 at 2014-03-01 15:34:13 +0900


Started GET "/movies" for 127.0.0.1 at 2014-03-01 15:34:16 +0900
Processing by MoviesController#index as HTML
  MOPED: 127.0.0.1:27017 COMMAND      database=admin command={:ismaster=>1} runtime: 0.6630ms
  MOPED: 127.0.0.1:27017 QUERY        database=movie_reviews_development collection=yahoos selector={} flags=[] limit=0 skip=0 batch_size=nil fields=nil runtime: 0.7950ms
  Rendered movies/index.html.slim within layouts/application (4.5ms)
Completed 200 OK in 13ms (Views: 11.6ms)


Started GET "/assets/jquery_ujs.js?body=1" for 127.0.0.1 at 2014-03-01 15:34:16 +0900


Started GET "/assets/application.css?body=1" for 127.0.0.1 at 2014-03-01 15:34:16 +0900


Started GET "/assets/jquery.js?body=1" for 127.0.0.1 at 2014-03-01 15:34:16 +0900


Started GET "/assets/turbolinks.js?body=1" for 127.0.0.1 at 2014-03-01 15:34:16 +0900


Started GET "/assets/application.js?body=1" for 127.0.0.1 at 2014-03-01 15:34:16 +0900


Started GET "/movies" for 127.0.0.1 at 2014-03-01 15:36:35 +0900
Processing by MoviesController#index as HTML
  MOPED: 127.0.0.1:27017 COMMAND      database=admin command={:ismaster=>1} runtime: 0.7540ms
  MOPED: 127.0.0.1:27017 QUERY        database=movie_reviews_development collection=yahoos selector={} flags=[] limit=0 skip=0 batch_size=nil fields=nil runtime: 1.6150ms
  Rendered movies/index.html.slim within layouts/application (13.6ms)
Completed 200 OK in 24ms (Views: 22.8ms)


Started GET "/assets/jquery.js?body=1" for 127.0.0.1 at 2014-03-01 15:36:35 +0900


Started GET "/assets/application.js?body=1" for 127.0.0.1 at 2014-03-01 15:36:35 +0900


Started GET "/assets/turbolinks.js?body=1" for 127.0.0.1 at 2014-03-01 15:36:35 +0900


Started GET "/assets/jquery_ujs.js?body=1" for 127.0.0.1 at 2014-03-01 15:36:35 +0900


Started GET "/assets/application.css?body=1" for 127.0.0.1 at 2014-03-01 15:36:35 +0900


Started GET "/movies" for 127.0.0.1 at 2014-03-01 15:38:45 +0900
Processing by MoviesController#index as HTML
  MOPED: 127.0.0.1:27017 COMMAND      database=admin command={:ismaster=>1} runtime: 0.6650ms
  MOPED: 127.0.0.1:27017 QUERY        database=movie_reviews_development collection=yahoos selector={} flags=[] limit=0 skip=0 batch_size=nil fields=nil runtime: 1.6150ms
  Rendered movies/index.html.slim within layouts/application (7.1ms)
Completed 200 OK in 2568ms (Views: 2567.5ms)


Started GET "/assets/jquery.js?body=1" for 127.0.0.1 at 2014-03-01 15:38:47 +0900


Started GET "/assets/application.css?body=1" for 127.0.0.1 at 2014-03-01 15:38:47 +0900


Started GET "/assets/twitter/bootstrap/bootstrap-alert.js?body=1" for 127.0.0.1 at 2014-03-01 15:38:47 +0900


Started GET "/assets/twitter/bootstrap/bootstrap-transition.js?body=1" for 127.0.0.1 at 2014-03-01 15:38:47 +0900


Started GET "/assets/jquery_ujs.js?body=1" for 127.0.0.1 at 2014-03-01 15:38:47 +0900


Started GET "/assets/twitter/bootstrap/bootstrap-dropdown.js?body=1" for 127.0.0.1 at 2014-03-01 15:38:47 +0900


Started GET "/assets/twitter/bootstrap/bootstrap-modal.js?body=1" for 127.0.0.1 at 2014-03-01 15:38:47 +0900


Started GET "/assets/twitter/bootstrap/bootstrap-tooltip.js?body=1" for 127.0.0.1 at 2014-03-01 15:38:47 +0900


Started GET "/assets/twitter/bootstrap/bootstrap-scrollspy.js?body=1" for 127.0.0.1 at 2014-03-01 15:38:47 +0900


Started GET "/assets/twitter/bootstrap/bootstrap-collapse.js?body=1" for 127.0.0.1 at 2014-03-01 15:38:47 +0900


Started GET "/assets/bootstrap_and_overrides.css?body=1" for 127.0.0.1 at 2014-03-01 15:38:47 +0900


Started GET "/assets/twitter/bootstrap/bootstrap-tab.js?body=1" for 127.0.0.1 at 2014-03-01 15:38:48 +0900


Started GET "/assets/twitter/bootstrap/bootstrap-button.js?body=1" for 127.0.0.1 at 2014-03-01 15:38:48 +0900


Started GET "/assets/twitter/bootstrap/bootstrap-popover.js?body=1" for 127.0.0.1 at 2014-03-01 15:38:48 +0900


Started GET "/assets/twitter/bootstrap/bootstrap-carousel.js?body=1" for 127.0.0.1 at 2014-03-01 15:38:48 +0900


Started GET "/assets/twitter/bootstrap/bootstrap-typeahead.js?body=1" for 127.0.0.1 at 2014-03-01 15:38:48 +0900


Started GET "/assets/twitter/bootstrap.js?body=1" for 127.0.0.1 at 2014-03-01 15:38:48 +0900


Started GET "/assets/turbolinks.js?body=1" for 127.0.0.1 at 2014-03-01 15:38:48 +0900


Started GET "/assets/application.js?body=1" for 127.0.0.1 at 2014-03-01 15:38:48 +0900


Started GET "/assets/twitter/bootstrap/bootstrap-affix.js?body=1" for 127.0.0.1 at 2014-03-01 15:38:48 +0900


Started GET "/movies" for 127.0.0.1 at 2014-03-01 15:47:36 +0900
Processing by MoviesController#index as HTML
  MOPED: 127.0.0.1:27017 COMMAND      database=admin command={:ismaster=>1} runtime: 4.7930ms
  MOPED: 127.0.0.1:27017 QUERY        database=movie_reviews_development collection=yahoos selector={} flags=[] limit=0 skip=0 batch_size=nil fields=nil runtime: 1.2660ms
  Rendered movies/index.html.slim within layouts/application (11.0ms)
Completed 200 OK in 39ms (Views: 35.2ms)


Started GET "/assets/application.css?body=1" for 127.0.0.1 at 2014-03-01 15:47:36 +0900


Started GET "/assets/jquery.js?body=1" for 127.0.0.1 at 2014-03-01 15:47:36 +0900


Started GET "/assets/jquery_ujs.js?body=1" for 127.0.0.1 at 2014-03-01 15:47:36 +0900


Started GET "/assets/bootstrap_and_overrides.css?body=1" for 127.0.0.1 at 2014-03-01 15:47:36 +0900


Started GET "/assets/twitter/bootstrap/bootstrap-alert.js?body=1" for 127.0.0.1 at 2014-03-01 15:47:36 +0900


Started GET "/assets/twitter/bootstrap/bootstrap-transition.js?body=1" for 127.0.0.1 at 2014-03-01 15:47:36 +0900


Started GET "/assets/twitter/bootstrap/bootstrap-tooltip.js?body=1" for 127.0.0.1 at 2014-03-01 15:47:36 +0900


Started GET "/assets/twitter/bootstrap/bootstrap-scrollspy.js?body=1" for 127.0.0.1 at 2014-03-01 15:47:36 +0900


Started GET "/assets/twitter/bootstrap/bootstrap-tab.js?body=1" for 127.0.0.1 at 2014-03-01 15:47:36 +0900


Started GET "/assets/twitter/bootstrap/bootstrap-popover.js?body=1" for 127.0.0.1 at 2014-03-01 15:47:36 +0900


Started GET "/assets/twitter/bootstrap/bootstrap-typeahead.js?body=1" for 127.0.0.1 at 2014-03-01 15:47:36 +0900


Started GET "/assets/twitter/bootstrap/bootstrap-modal.js?body=1" for 127.0.0.1 at 2014-03-01 15:47:36 +0900


Started GET "/assets/twitter/bootstrap/bootstrap-dropdown.js?body=1" for 127.0.0.1 at 2014-03-01 15:47:36 +0900


Started GET "/assets/twitter/bootstrap/bootstrap-button.js?body=1" for 127.0.0.1 at 2014-03-01 15:47:36 +0900


Started GET "/assets/application.js?body=1" for 127.0.0.1 at 2014-03-01 15:47:36 +0900


Started GET "/assets/twitter/bootstrap/bootstrap-carousel.js?body=1" for 127.0.0.1 at 2014-03-01 15:47:36 +0900


Started GET "/assets/twitter/bootstrap/bootstrap-affix.js?body=1" for 127.0.0.1 at 2014-03-01 15:47:36 +0900


Started GET "/assets/twitter/bootstrap.js?body=1" for 127.0.0.1 at 2014-03-01 15:47:36 +0900


Started GET "/assets/twitter/bootstrap/bootstrap-collapse.js?body=1" for 127.0.0.1 at 2014-03-01 15:47:36 +0900


Started GET "/assets/turbolinks.js?body=1" for 127.0.0.1 at 2014-03-01 15:47:36 +0900


Started GET "/movies" for 127.0.0.1 at 2014-03-01 17:17:32 +0900
Processing by MoviesController#index as HTML
  MOPED: 127.0.0.1:27017 COMMAND      database=admin command={:ismaster=>1} runtime: 28.7090ms
  MOPED: 127.0.0.1:27017 QUERY        database=movie_reviews_development collection=yahoos selector={} flags=[] limit=0 skip=0 batch_size=nil fields=nil runtime: 4.3500ms
  Rendered movies/index.html.slim within layouts/application (500.7ms)
Completed 500 Internal Server Error in 767ms

ActionView::Template::Error (wrong number of arguments (0 for 1..2)):
     6:           p.text-info
     7:             = movie.title
     8:           p
     9:             = image_tag 
    10:           - movie.reviews.each do |review|
    11:             p
    12:               = review.title
  app/views/movies/index.html.slim:9:in `block in _app_views_movies_index_html_slim___2007418148793921874_2163748860'
  app/views/movies/index.html.slim:4:in `_app_views_movies_index_html_slim___2007418148793921874_2163748860'


  Rendered /Users/okura/.rvm/gems/ruby-2.1.0/gems/actionpack-4.0.2/lib/action_dispatch/middleware/templates/rescues/_trace.erb (35.7ms)
  Rendered /Users/okura/.rvm/gems/ruby-2.1.0/gems/actionpack-4.0.2/lib/action_dispatch/middleware/templates/rescues/_request_and_response.erb (21.4ms)
  Rendered /Users/okura/.rvm/gems/ruby-2.1.0/gems/actionpack-4.0.2/lib/action_dispatch/middleware/templates/rescues/template_error.erb within rescues/layout (119.4ms)


Started GET "/movies" for 127.0.0.1 at 2014-03-01 17:19:56 +0900
Processing by MoviesController#index as HTML
  MOPED: 127.0.0.1:27017 COMMAND      database=admin command={:ismaster=>1} runtime: 0.8900ms
  MOPED: 127.0.0.1:27017 QUERY        database=movie_reviews_development collection=yahoos selector={} flags=[] limit=0 skip=0 batch_size=nil fields=nil runtime: 2.3510ms
  Rendered movies/index.html.slim within layouts/application (79.4ms)
Completed 200 OK in 189ms (Views: 185.8ms)


Started GET "/assets/bootstrap_and_overrides.css?body=1" for 127.0.0.1 at 2014-03-01 17:19:56 +0900


Started GET "/assets/twitter/bootstrap/bootstrap-transition.js?body=1" for 127.0.0.1 at 2014-03-01 17:19:56 +0900


Started GET "/assets/twitter/bootstrap/bootstrap-affix.js?body=1" for 127.0.0.1 at 2014-03-01 17:19:56 +0900


Started GET "/assets/twitter/bootstrap/bootstrap-tab.js?body=1" for 127.0.0.1 at 2014-03-01 17:19:56 +0900


Started GET "/assets/turbolinks.js?body=1" for 127.0.0.1 at 2014-03-01 17:19:56 +0900


Started GET "/assets/twitter/bootstrap/bootstrap-popover.js?body=1" for 127.0.0.1 at 2014-03-01 17:19:56 +0900


Started GET "/assets/twitter/bootstrap/bootstrap-typeahead.js?body=1" for 127.0.0.1 at 2014-03-01 17:19:56 +0900


Started GET "/assets/twitter/bootstrap/bootstrap-modal.js?body=1" for 127.0.0.1 at 2014-03-01 17:19:57 +0900


Started GET "/assets/twitter/bootstrap/bootstrap-tooltip.js?body=1" for 127.0.0.1 at 2014-03-01 17:19:57 +0900


Started GET "/assets/twitter/bootstrap.js?body=1" for 127.0.0.1 at 2014-03-01 17:19:57 +0900


Started GET "/assets/jquery.js?body=1" for 127.0.0.1 at 2014-03-01 17:19:57 +0900


Started GET "/assets/application.css?body=1" for 127.0.0.1 at 2014-03-01 17:19:57 +0900


Started GET "/assets/jquery_ujs.js?body=1" for 127.0.0.1 at 2014-03-01 17:19:57 +0900


Started GET "/assets/twitter/bootstrap/bootstrap-scrollspy.js?body=1" for 127.0.0.1 at 2014-03-01 17:19:57 +0900


Started GET "/assets/twitter/bootstrap/bootstrap-alert.js?body=1" for 127.0.0.1 at 2014-03-01 17:19:57 +0900


Started GET "/assets/twitter/bootstrap/bootstrap-dropdown.js?body=1" for 127.0.0.1 at 2014-03-01 17:19:57 +0900


Started GET "/assets/twitter/bootstrap/bootstrap-collapse.js?body=1" for 127.0.0.1 at 2014-03-01 17:19:57 +0900


Started GET "/assets/twitter/bootstrap/bootstrap-carousel.js?body=1" for 127.0.0.1 at 2014-03-01 17:19:57 +0900


Started GET "/assets/application.js?body=1" for 127.0.0.1 at 2014-03-01 17:19:57 +0900


Started GET "/assets/twitter/bootstrap/bootstrap-button.js?body=1" for 127.0.0.1 at 2014-03-01 17:19:57 +0900


Started GET "/movies" for 127.0.0.1 at 2014-03-01 17:24:50 +0900
Processing by MoviesController#index as HTML
  MOPED: 127.0.0.1:27017 COMMAND      database=admin command={:ismaster=>1} runtime: 3.4810ms
  MOPED: 127.0.0.1:27017 QUERY        database=movie_reviews_development collection=yahoos selector={} flags=[] limit=0 skip=0 batch_size=nil fields=nil runtime: 2.3050ms
  Rendered movies/index.html.slim within layouts/application (14.9ms)
Completed 200 OK in 47ms (Views: 44.5ms)


Started GET "/assets/jquery.js?body=1" for 127.0.0.1 at 2014-03-01 17:24:50 +0900


Started GET "/assets/twitter/bootstrap/bootstrap-transition.js?body=1" for 127.0.0.1 at 2014-03-01 17:24:50 +0900


Started GET "/assets/application.css?body=1" for 127.0.0.1 at 2014-03-01 17:24:50 +0900


Started GET "/assets/twitter/bootstrap/bootstrap-modal.js?body=1" for 127.0.0.1 at 2014-03-01 17:24:50 +0900


Started GET "/assets/twitter/bootstrap/bootstrap-alert.js?body=1" for 127.0.0.1 at 2014-03-01 17:24:50 +0900


Started GET "/assets/bootstrap_and_overrides.css?body=1" for 127.0.0.1 at 2014-03-01 17:24:51 +0900


Started GET "/assets/jquery_ujs.js?body=1" for 127.0.0.1 at 2014-03-01 17:24:51 +0900


Started GET "/assets/twitter/bootstrap/bootstrap-dropdown.js?body=1" for 127.0.0.1 at 2014-03-01 17:24:51 +0900


Started GET "/assets/twitter/bootstrap/bootstrap-scrollspy.js?body=1" for 127.0.0.1 at 2014-03-01 17:24:51 +0900


Started GET "/assets/twitter/bootstrap/bootstrap-tab.js?body=1" for 127.0.0.1 at 2014-03-01 17:24:51 +0900


Started GET "/assets/twitter/bootstrap/bootstrap-button.js?body=1" for 127.0.0.1 at 2014-03-01 17:24:51 +0900


Started GET "/assets/twitter/bootstrap/bootstrap-tooltip.js?body=1" for 127.0.0.1 at 2014-03-01 17:24:51 +0900


Started GET "/assets/twitter/bootstrap/bootstrap-collapse.js?body=1" for 127.0.0.1 at 2014-03-01 17:24:51 +0900


Started GET "/assets/twitter/bootstrap/bootstrap-popover.js?body=1" for 127.0.0.1 at 2014-03-01 17:24:51 +0900


Started GET "/assets/twitter/bootstrap/bootstrap-typeahead.js?body=1" for 127.0.0.1 at 2014-03-01 17:24:51 +0900


Started GET "/assets/twitter/bootstrap/bootstrap-carousel.js?body=1" for 127.0.0.1 at 2014-03-01 17:24:51 +0900


Started GET "/assets/twitter/bootstrap/bootstrap-affix.js?body=1" for 127.0.0.1 at 2014-03-01 17:24:51 +0900


Started GET "/assets/turbolinks.js?body=1" for 127.0.0.1 at 2014-03-01 17:24:51 +0900


Started GET "/assets/application.js?body=1" for 127.0.0.1 at 2014-03-01 17:24:51 +0900


Started GET "/assets/twitter/bootstrap.js?body=1" for 127.0.0.1 at 2014-03-01 17:24:51 +0900


Started GET "/movies" for 127.0.0.1 at 2014-03-01 20:49:10 +0900
Processing by MoviesController#index as HTML
  MOPED: 127.0.0.1:27017 COMMAND      database=admin command={:ismaster=>1} runtime: 24.6190ms
  MOPED: 127.0.0.1:27017 QUERY        database=movie_reviews_development collection=yahoos selector={} flags=[] limit=0 skip=0 batch_size=nil fields=nil runtime: 3.4870ms
  Rendered movies/index.html.slim within layouts/application (172.6ms)
Completed 200 OK in 468ms (Views: 392.5ms)


Started GET "/assets/bootstrap_and_overrides.css?body=1" for 127.0.0.1 at 2014-03-01 20:49:11 +0900


Started GET "/assets/twitter/bootstrap/bootstrap-modal.js?body=1" for 127.0.0.1 at 2014-03-01 20:49:11 +0900


Started GET "/assets/jquery.js?body=1" for 127.0.0.1 at 2014-03-01 20:49:11 +0900


Started GET "/assets/twitter/bootstrap/bootstrap-dropdown.js?body=1" for 127.0.0.1 at 2014-03-01 20:49:11 +0900


Started GET "/assets/twitter/bootstrap/bootstrap-alert.js?body=1" for 127.0.0.1 at 2014-03-01 20:49:11 +0900


Started GET "/assets/application.css?body=1" for 127.0.0.1 at 2014-03-01 20:49:11 +0900


Started GET "/assets/twitter/bootstrap/bootstrap-transition.js?body=1" for 127.0.0.1 at 2014-03-01 20:49:11 +0900


Started GET "/assets/jquery_ujs.js?body=1" for 127.0.0.1 at 2014-03-01 20:49:11 +0900


Started GET "/assets/twitter/bootstrap/bootstrap-tab.js?body=1" for 127.0.0.1 at 2014-03-01 20:49:11 +0900


Started GET "/assets/twitter/bootstrap/bootstrap-tooltip.js?body=1" for 127.0.0.1 at 2014-03-01 20:49:11 +0900


Started GET "/assets/twitter/bootstrap/bootstrap-scrollspy.js?body=1" for 127.0.0.1 at 2014-03-01 20:49:11 +0900


Started GET "/assets/twitter/bootstrap/bootstrap-typeahead.js?body=1" for 127.0.0.1 at 2014-03-01 20:49:11 +0900


Started GET "/assets/twitter/bootstrap/bootstrap-button.js?body=1" for 127.0.0.1 at 2014-03-01 20:49:11 +0900


Started GET "/assets/twitter/bootstrap/bootstrap-collapse.js?body=1" for 127.0.0.1 at 2014-03-01 20:49:11 +0900


Started GET "/assets/twitter/bootstrap/bootstrap-carousel.js?body=1" for 127.0.0.1 at 2014-03-01 20:49:11 +0900


Started GET "/assets/twitter/bootstrap/bootstrap-popover.js?body=1" for 127.0.0.1 at 2014-03-01 20:49:11 +0900


Started GET "/assets/application.js?body=1" for 127.0.0.1 at 2014-03-01 20:49:11 +0900


Started GET "/assets/turbolinks.js?body=1" for 127.0.0.1 at 2014-03-01 20:49:11 +0900


Started GET "/assets/twitter/bootstrap.js?body=1" for 127.0.0.1 at 2014-03-01 20:49:11 +0900


Started GET "/assets/twitter/bootstrap/bootstrap-affix.js?body=1" for 127.0.0.1 at 2014-03-01 20:49:11 +0900
  MOPED: 127.0.0.1:27017 COMMAND      database=admin command={:ismaster=>1} runtime: 2.7720ms
  MOPED: Retrying connection attempt 1 more time(s). runtime: n/a
  MOPED: 127.0.0.1:27017 COMMAND      database=admin command={:ismaster=>1} runtime: 2.3870ms
  MOPED: 127.0.0.1:27017 COMMAND      database=admin command={:ismaster=>1} runtime: 8.1310ms
  MOPED: 127.0.0.1:27017 COMMAND      database=movie_reviews_development command={:count=>"yahoos", :query=>{}} runtime: 2.5980ms
  MOPED: 127.0.0.1:27017 QUERY        database=movie_reviews_development collection=yahoos selector={"$query"=>{"name"=>""}, "$orderby"=>{:_id=>1}} flags=[] limit=-1 skip=0 batch_size=nil fields=nil runtime: 17.6210ms
