# Logfile created on 2014-08-09 15:13:18 +0900 by logger.rb/44203
I, [2014-08-09T15:13:18.866620 #18056]  INFO -- : 0:  rake (10.3.2) from /Users/okura/.rvm/gems/ruby-2.1.0/specifications/rake-10.3.2.gemspec
I, [2014-08-09T15:13:18.868588 #18056]  INFO -- : 0:  i18n (0.6.11) from /Users/okura/.rvm/gems/ruby-2.1.0/specifications/i18n-0.6.11.gemspec
I, [2014-08-09T15:13:18.869241 #18056]  INFO -- : 0:  json (1.8.1) from /Users/okura/.rvm/rubies/ruby-2.1.0/lib/ruby/gems/2.1.0/specifications/default/json-1.8.1.gemspec
I, [2014-08-09T15:13:18.869852 #18056]  INFO -- : 0:  minitest (5.4.0) from /Users/okura/.rvm/gems/ruby-2.1.0/specifications/minitest-5.4.0.gemspec
I, [2014-08-09T15:13:18.870411 #18056]  INFO -- : 0:  thread_safe (0.3.4) from /Users/okura/.rvm/gems/ruby-2.1.0/specifications/thread_safe-0.3.4.gemspec
I, [2014-08-09T15:13:18.870998 #18056]  INFO -- : 0:  tzinfo (1.2.1) from /Users/okura/.rvm/gems/ruby-2.1.0/specifications/tzinfo-1.2.1.gemspec
I, [2014-08-09T15:13:18.871568 #18056]  INFO -- : 0:  activesupport (4.1.0) from /Users/okura/.rvm/gems/ruby-2.1.0/specifications/activesupport-4.1.0.gemspec
I, [2014-08-09T15:13:18.872110 #18056]  INFO -- : 0:  builder (3.2.2) from /Users/okura/.rvm/gems/ruby-2.1.0/specifications/builder-3.2.2.gemspec
I, [2014-08-09T15:13:18.872661 #18056]  INFO -- : 0:  erubis (2.7.0) from /Users/okura/.rvm/gems/ruby-2.1.0/specifications/erubis-2.7.0.gemspec
I, [2014-08-09T15:13:18.873194 #18056]  INFO -- : 0:  actionview (4.1.0) from /Users/okura/.rvm/gems/ruby-2.1.0/specifications/actionview-4.1.0.gemspec
I, [2014-08-09T15:13:18.873776 #18056]  INFO -- : 0:  rack (1.5.2) from /Users/okura/.rvm/gems/ruby-2.1.0/specifications/rack-1.5.2.gemspec
I, [2014-08-09T15:13:18.874340 #18056]  INFO -- : 0:  rack-test (0.6.2) from /Users/okura/.rvm/gems/ruby-2.1.0/specifications/rack-test-0.6.2.gemspec
I, [2014-08-09T15:13:18.874886 #18056]  INFO -- : 0:  actionpack (4.1.0) from /Users/okura/.rvm/gems/ruby-2.1.0/specifications/actionpack-4.1.0.gemspec
I, [2014-08-09T15:13:18.875450 #18056]  INFO -- : 0:  mime-types (1.25.1) from /Users/okura/.rvm/gems/ruby-2.1.0/specifications/mime-types-1.25.1.gemspec
I, [2014-08-09T15:13:18.875992 #18056]  INFO -- : 0:  polyglot (0.3.5) from /Users/okura/.rvm/gems/ruby-2.1.0/specifications/polyglot-0.3.5.gemspec
I, [2014-08-09T15:13:18.877089 #18056]  INFO -- : 0:  treetop (1.4.15) from /Users/okura/.rvm/gems/ruby-2.1.0/specifications/treetop-1.4.15.gemspec
I, [2014-08-09T15:13:18.877818 #18056]  INFO -- : 0:  mail (2.5.4) from /Users/okura/.rvm/gems/ruby-2.1.0/specifications/mail-2.5.4.gemspec
I, [2014-08-09T15:13:18.878448 #18056]  INFO -- : 0:  actionmailer (4.1.0) from /Users/okura/.rvm/gems/ruby-2.1.0/specifications/actionmailer-4.1.0.gemspec
I, [2014-08-09T15:13:18.879131 #18056]  INFO -- : 0:  activemodel (4.1.0) from /Users/okura/.rvm/gems/ruby-2.1.0/specifications/activemodel-4.1.0.gemspec
I, [2014-08-09T15:13:18.879735 #18056]  INFO -- : 0:  arel (5.0.1.20140414130214) from /Users/okura/.rvm/gems/ruby-2.1.0/specifications/arel-5.0.1.20140414130214.gemspec
I, [2014-08-09T15:13:18.880409 #18056]  INFO -- : 0:  activerecord (4.1.0) from /Users/okura/.rvm/gems/ruby-2.1.0/specifications/activerecord-4.1.0.gemspec
I, [2014-08-09T15:13:18.881023 #18056]  INFO -- : 0:  thor (0.19.1) from /Users/okura/.rvm/gems/ruby-2.1.0/specifications/thor-0.19.1.gemspec
I, [2014-08-09T15:13:18.881591 #18056]  INFO -- : 0:  railties (4.1.0) from /Users/okura/.rvm/gems/ruby-2.1.0/specifications/railties-4.1.0.gemspec
I, [2014-08-09T15:13:22.410497 #18056]  INFO -- : 0:  bootswatch-rails (3.2.0) from /Users/okura/.rvm/gems/ruby-2.1.0/specifications/bootswatch-rails-3.2.0.gemspec
I, [2014-08-09T15:13:22.411439 #18056]  INFO -- : 0:  bson (2.2.0) from /Users/okura/.rvm/gems/ruby-2.1.0/specifications/bson-2.2.0.gemspec
I, [2014-08-09T15:13:22.412104 #18056]  INFO -- : 0:  bundler (1.5.1) from /Users/okura/.rvm/gems/ruby-2.1.0@global/specifications/bundler-1.5.1.gemspec
I, [2014-08-09T15:13:22.412733 #18056]  INFO -- : 0:  carrierwave (0.10.0) from /Users/okura/.rvm/gems/ruby-2.1.0/specifications/carrierwave-0.10.0.gemspec
I, [2014-08-09T15:13:22.413386 #18056]  INFO -- : 0:  connection_pool (1.2.0) from /Users/okura/.rvm/gems/ruby-2.1.0/specifications/connection_pool-1.2.0.gemspec
I, [2014-08-09T15:13:22.413954 #18056]  INFO -- : 0:  optionable (0.2.0) from /Users/okura/.rvm/gems/ruby-2.1.0/specifications/optionable-0.2.0.gemspec
I, [2014-08-09T15:13:22.414678 #18056]  INFO -- : 0:  moped (2.0.0.beta6) from /Users/okura/.rvm/gems/ruby-2.1.0/specifications/moped-2.0.0.beta6.gemspec
I, [2014-08-09T15:13:22.415386 #18056]  INFO -- : 0:  origin (2.1.0) from /Users/okura/.rvm/gems/ruby-2.1.0/specifications/origin-2.1.0.gemspec
I, [2014-08-09T15:13:25.077600 #18056]  INFO -- : 0:  mongoid (4.0.0.beta1) from /Users/okura/.rvm/gems/ruby-2.1.0/bundler/gems/mongoid-5b0f031992cb/mongoid.gemspec
I, [2014-08-09T15:13:25.078446 #18056]  INFO -- : 0:  mongoid-grid_fs (2.1.0) from /Users/okura/.rvm/gems/ruby-2.1.0/specifications/mongoid-grid_fs-2.1.0.gemspec
I, [2014-08-09T15:13:25.079063 #18056]  INFO -- : 0:  carrierwave-mongoid (0.7.1) from /Users/okura/.rvm/gems/ruby-2.1.0/specifications/carrierwave-mongoid-0.7.1.gemspec
I, [2014-08-09T15:13:25.079689 #18056]  INFO -- : 0:  coffee-script-source (1.7.0) from /Users/okura/.rvm/gems/ruby-2.1.0/specifications/coffee-script-source-1.7.0.gemspec
I, [2014-08-09T15:13:25.080306 #18056]  INFO -- : 0:  execjs (2.0.2) from /Users/okura/.rvm/gems/ruby-2.1.0/specifications/execjs-2.0.2.gemspec
I, [2014-08-09T15:13:25.080931 #18056]  INFO -- : 0:  coffee-script (2.2.0) from /Users/okura/.rvm/gems/ruby-2.1.0/specifications/coffee-script-2.2.0.gemspec
I, [2014-08-09T15:13:25.081682 #18056]  INFO -- : 0:  coffee-rails (4.0.1) from /Users/okura/.rvm/gems/ruby-2.1.0/specifications/coffee-rails-4.0.1.gemspec
I, [2014-08-09T15:13:25.082309 #18056]  INFO -- : 0:  commonjs (0.2.7) from /Users/okura/.rvm/gems/ruby-2.1.0/specifications/commonjs-0.2.7.gemspec
I, [2014-08-09T15:13:25.083394 #18056]  INFO -- : 0:  sass (3.2.14) from /Users/okura/.rvm/gems/ruby-2.1.0/specifications/sass-3.2.14.gemspec
I, [2014-08-09T15:13:25.088206 #18056]  INFO -- : 0:  hike (1.2.3) from /Users/okura/.rvm/gems/ruby-2.1.0/specifications/hike-1.2.3.gemspec
I, [2014-08-09T15:13:25.088888 #18056]  INFO -- : 0:  multi_json (1.10.1) from /Users/okura/.rvm/gems/ruby-2.1.0/specifications/multi_json-1.10.1.gemspec
I, [2014-08-09T15:13:25.089483 #18056]  INFO -- : 0:  tilt (1.4.1) from /Users/okura/.rvm/gems/ruby-2.1.0/specifications/tilt-1.4.1.gemspec
I, [2014-08-09T15:13:25.090097 #18056]  INFO -- : 0:  sprockets (2.12.1) from /Users/okura/.rvm/gems/ruby-2.1.0/specifications/sprockets-2.12.1.gemspec
I, [2014-08-09T15:13:25.090702 #18056]  INFO -- : 0:  sprockets-rails (2.0.1) from /Users/okura/.rvm/gems/ruby-2.1.0/specifications/sprockets-rails-2.0.1.gemspec
I, [2014-08-09T15:13:25.091312 #18056]  INFO -- : 0:  sass-rails (4.0.1) from /Users/okura/.rvm/gems/ruby-2.1.0/specifications/sass-rails-4.0.1.gemspec
I, [2014-08-09T15:13:25.091915 #18056]  INFO -- : 0:  font-awesome-sass-rails (3.0.2.2) from /Users/okura/.rvm/gems/ruby-2.1.0/specifications/font-awesome-sass-rails-3.0.2.2.gemspec
I, [2014-08-09T15:13:25.092605 #18056]  INFO -- : 0:  jbuilder (1.5.3) from /Users/okura/.rvm/gems/ruby-2.1.0/specifications/jbuilder-1.5.3.gemspec
I, [2014-08-09T15:13:25.093262 #18056]  INFO -- : 0:  jquery-rails (3.1.0) from /Users/okura/.rvm/gems/ruby-2.1.0/specifications/jquery-rails-3.1.0.gemspec
I, [2014-08-09T15:13:25.093837 #18056]  INFO -- : 0:  jquery-ui-rails (4.1.1) from /Users/okura/.rvm/gems/ruby-2.1.0/specifications/jquery-ui-rails-4.1.1.gemspec
I, [2014-08-09T15:13:25.094409 #18056]  INFO -- : 0:  less (2.4.0) from /Users/okura/.rvm/gems/ruby-2.1.0/specifications/less-2.4.0.gemspec
I, [2014-08-09T15:13:25.094974 #18056]  INFO -- : 0:  less-rails (2.4.2) from /Users/okura/.rvm/gems/ruby-2.1.0/specifications/less-rails-2.4.2.gemspec
I, [2014-08-09T15:13:25.095572 #18056]  INFO -- : 0:  libv8 (3.16.14.3) from /Users/okura/.rvm/gems/ruby-2.1.0/specifications/libv8-3.16.14.3-x86_64-darwin-12.gemspec
I, [2014-08-09T15:13:25.096156 #18056]  INFO -- : 0:  rails (4.1.0) from /Users/okura/.rvm/gems/ruby-2.1.0/specifications/rails-4.1.0.gemspec
I, [2014-08-09T15:13:25.096765 #18056]  INFO -- : 0:  rdoc (4.1.1) from /Users/okura/.rvm/gems/ruby-2.1.0/specifications/rdoc-4.1.1.gemspec
I, [2014-08-09T15:13:25.097320 #18056]  INFO -- : 0:  ref (1.0.5) from /Users/okura/.rvm/gems/ruby-2.1.0/specifications/ref-1.0.5.gemspec
I, [2014-08-09T15:13:25.097994 #18056]  INFO -- : 0:  sdoc (0.4.0) from /Users/okura/.rvm/gems/ruby-2.1.0/specifications/sdoc-0.4.0.gemspec
I, [2014-08-09T15:13:25.098584 #18056]  INFO -- : 0:  temple (0.6.7) from /Users/okura/.rvm/gems/ruby-2.1.0/specifications/temple-0.6.7.gemspec
I, [2014-08-09T15:13:25.099162 #18056]  INFO -- : 0:  slim (2.0.2) from /Users/okura/.rvm/gems/ruby-2.1.0/specifications/slim-2.0.2.gemspec
I, [2014-08-09T15:13:25.099757 #18056]  INFO -- : 0:  slim-rails (2.1.5) from /Users/okura/.rvm/gems/ruby-2.1.0/specifications/slim-rails-2.1.5.gemspec
I, [2014-08-09T15:13:25.100320 #18056]  INFO -- : 0:  therubyracer (0.12.1) from /Users/okura/.rvm/gems/ruby-2.1.0/specifications/therubyracer-0.12.1.gemspec
I, [2014-08-09T15:13:25.100916 #18056]  INFO -- : 0:  turbolinks (2.2.1) from /Users/okura/.rvm/gems/ruby-2.1.0/specifications/turbolinks-2.2.1.gemspec
I, [2014-08-09T15:13:25.801604 #18056]  INFO -- : 0:  twitter-bootstrap-rails (2.2.8) from /Users/okura/.rvm/gems/ruby-2.1.0/bundler/gems/twitter-bootstrap-rails-915a9ab30592/twitter-bootstrap-rails.gemspec
I, [2014-08-09T15:13:25.803896 #18056]  INFO -- : 0:  uglifier (2.4.0) from /Users/okura/.rvm/gems/ruby-2.1.0/specifications/uglifier-2.4.0.gemspec
I, [2014-08-09T15:26:49.482084 #18236]  INFO -- : 0:  rake (10.3.2) from /Users/okura/.rvm/gems/ruby-2.1.0/specifications/rake-10.3.2.gemspec
I, [2014-08-09T15:26:49.484272 #18236]  INFO -- : 0:  i18n (0.6.11) from /Users/okura/.rvm/gems/ruby-2.1.0/specifications/i18n-0.6.11.gemspec
I, [2014-08-09T15:26:49.484899 #18236]  INFO -- : 0:  json (1.8.1) from /Users/okura/.rvm/rubies/ruby-2.1.0/lib/ruby/gems/2.1.0/specifications/default/json-1.8.1.gemspec
I, [2014-08-09T15:26:49.485501 #18236]  INFO -- : 0:  minitest (5.4.0) from /Users/okura/.rvm/gems/ruby-2.1.0/specifications/minitest-5.4.0.gemspec
I, [2014-08-09T15:26:49.486043 #18236]  INFO -- : 0:  thread_safe (0.3.4) from /Users/okura/.rvm/gems/ruby-2.1.0/specifications/thread_safe-0.3.4.gemspec
I, [2014-08-09T15:26:49.486604 #18236]  INFO -- : 0:  tzinfo (1.2.1) from /Users/okura/.rvm/gems/ruby-2.1.0/specifications/tzinfo-1.2.1.gemspec
I, [2014-08-09T15:26:49.487163 #18236]  INFO -- : 0:  activesupport (4.1.0) from /Users/okura/.rvm/gems/ruby-2.1.0/specifications/activesupport-4.1.0.gemspec
I, [2014-08-09T15:26:49.487698 #18236]  INFO -- : 0:  builder (3.2.2) from /Users/okura/.rvm/gems/ruby-2.1.0/specifications/builder-3.2.2.gemspec
I, [2014-08-09T15:26:49.488227 #18236]  INFO -- : 0:  erubis (2.7.0) from /Users/okura/.rvm/gems/ruby-2.1.0/specifications/erubis-2.7.0.gemspec
I, [2014-08-09T15:26:49.488777 #18236]  INFO -- : 0:  actionview (4.1.0) from /Users/okura/.rvm/gems/ruby-2.1.0/specifications/actionview-4.1.0.gemspec
I, [2014-08-09T15:26:49.489289 #18236]  INFO -- : 0:  rack (1.5.2) from /Users/okura/.rvm/gems/ruby-2.1.0/specifications/rack-1.5.2.gemspec
I, [2014-08-09T15:26:49.489841 #18236]  INFO -- : 0:  rack-test (0.6.2) from /Users/okura/.rvm/gems/ruby-2.1.0/specifications/rack-test-0.6.2.gemspec
I, [2014-08-09T15:26:49.490381 #18236]  INFO -- : 0:  actionpack (4.1.0) from /Users/okura/.rvm/gems/ruby-2.1.0/specifications/actionpack-4.1.0.gemspec
I, [2014-08-09T15:26:49.490977 #18236]  INFO -- : 0:  mime-types (1.25.1) from /Users/okura/.rvm/gems/ruby-2.1.0/specifications/mime-types-1.25.1.gemspec
I, [2014-08-09T15:26:49.491560 #18236]  INFO -- : 0:  polyglot (0.3.5) from /Users/okura/.rvm/gems/ruby-2.1.0/specifications/polyglot-0.3.5.gemspec
I, [2014-08-09T15:26:49.492126 #18236]  INFO -- : 0:  treetop (1.4.15) from /Users/okura/.rvm/gems/ruby-2.1.0/specifications/treetop-1.4.15.gemspec
I, [2014-08-09T15:26:49.492654 #18236]  INFO -- : 0:  mail (2.5.4) from /Users/okura/.rvm/gems/ruby-2.1.0/specifications/mail-2.5.4.gemspec
I, [2014-08-09T15:26:49.493331 #18236]  INFO -- : 0:  actionmailer (4.1.0) from /Users/okura/.rvm/gems/ruby-2.1.0/specifications/actionmailer-4.1.0.gemspec
I, [2014-08-09T15:26:49.493925 #18236]  INFO -- : 0:  activemodel (4.1.0) from /Users/okura/.rvm/gems/ruby-2.1.0/specifications/activemodel-4.1.0.gemspec
I, [2014-08-09T15:26:49.494470 #18236]  INFO -- : 0:  arel (5.0.1.20140414130214) from /Users/okura/.rvm/gems/ruby-2.1.0/specifications/arel-5.0.1.20140414130214.gemspec
I, [2014-08-09T15:26:49.495006 #18236]  INFO -- : 0:  activerecord (4.1.0) from /Users/okura/.rvm/gems/ruby-2.1.0/specifications/activerecord-4.1.0.gemspec
I, [2014-08-09T15:26:49.495522 #18236]  INFO -- : 0:  bson (2.2.0) from /Users/okura/.rvm/gems/ruby-2.1.0/specifications/bson-2.2.0.gemspec
I, [2014-08-09T15:26:49.496147 #18236]  INFO -- : 0:  bundler (1.5.1) from /Users/okura/.rvm/gems/ruby-2.1.0@global/specifications/bundler-1.5.1.gemspec
I, [2014-08-09T15:26:49.496662 #18236]  INFO -- : 0:  carrierwave (0.10.0) from /Users/okura/.rvm/gems/ruby-2.1.0/specifications/carrierwave-0.10.0.gemspec
I, [2014-08-09T15:26:49.497219 #18236]  INFO -- : 0:  connection_pool (1.2.0) from /Users/okura/.rvm/gems/ruby-2.1.0/specifications/connection_pool-1.2.0.gemspec
I, [2014-08-09T15:26:49.497795 #18236]  INFO -- : 0:  optionable (0.2.0) from /Users/okura/.rvm/gems/ruby-2.1.0/specifications/optionable-0.2.0.gemspec
I, [2014-08-09T15:26:49.498379 #18236]  INFO -- : 0:  moped (2.0.0.beta6) from /Users/okura/.rvm/gems/ruby-2.1.0/specifications/moped-2.0.0.beta6.gemspec
I, [2014-08-09T15:26:49.498943 #18236]  INFO -- : 0:  origin (2.1.0) from /Users/okura/.rvm/gems/ruby-2.1.0/specifications/origin-2.1.0.gemspec
I, [2014-08-09T15:26:51.713677 #18236]  INFO -- : 0:  mongoid (4.0.0.beta1) from /Users/okura/.rvm/gems/ruby-2.1.0/bundler/gems/mongoid-5b0f031992cb/mongoid.gemspec
I, [2014-08-09T15:26:51.714535 #18236]  INFO -- : 0:  mongoid-grid_fs (2.1.0) from /Users/okura/.rvm/gems/ruby-2.1.0/specifications/mongoid-grid_fs-2.1.0.gemspec
I, [2014-08-09T15:26:51.715206 #18236]  INFO -- : 0:  carrierwave-mongoid (0.7.1) from /Users/okura/.rvm/gems/ruby-2.1.0/specifications/carrierwave-mongoid-0.7.1.gemspec
I, [2014-08-09T15:26:51.715876 #18236]  INFO -- : 0:  coffee-script-source (1.7.0) from /Users/okura/.rvm/gems/ruby-2.1.0/specifications/coffee-script-source-1.7.0.gemspec
I, [2014-08-09T15:26:51.716496 #18236]  INFO -- : 0:  execjs (2.0.2) from /Users/okura/.rvm/gems/ruby-2.1.0/specifications/execjs-2.0.2.gemspec
I, [2014-08-09T15:26:51.717114 #18236]  INFO -- : 0:  coffee-script (2.2.0) from /Users/okura/.rvm/gems/ruby-2.1.0/specifications/coffee-script-2.2.0.gemspec
I, [2014-08-09T15:26:51.717751 #18236]  INFO -- : 0:  thor (0.19.1) from /Users/okura/.rvm/gems/ruby-2.1.0/specifications/thor-0.19.1.gemspec
I, [2014-08-09T15:26:51.718380 #18236]  INFO -- : 0:  railties (4.1.0) from /Users/okura/.rvm/gems/ruby-2.1.0/specifications/railties-4.1.0.gemspec
I, [2014-08-09T15:26:51.719473 #18236]  INFO -- : 0:  coffee-rails (4.0.1) from /Users/okura/.rvm/gems/ruby-2.1.0/specifications/coffee-rails-4.0.1.gemspec
I, [2014-08-09T15:26:51.720245 #18236]  INFO -- : 0:  commonjs (0.2.7) from /Users/okura/.rvm/gems/ruby-2.1.0/specifications/commonjs-0.2.7.gemspec
I, [2014-08-09T15:26:51.720917 #18236]  INFO -- : 0:  sass (3.2.14) from /Users/okura/.rvm/gems/ruby-2.1.0/specifications/sass-3.2.14.gemspec
I, [2014-08-09T15:26:51.721546 #18236]  INFO -- : 0:  hike (1.2.3) from /Users/okura/.rvm/gems/ruby-2.1.0/specifications/hike-1.2.3.gemspec
I, [2014-08-09T15:26:51.722194 #18236]  INFO -- : 0:  multi_json (1.10.1) from /Users/okura/.rvm/gems/ruby-2.1.0/specifications/multi_json-1.10.1.gemspec
I, [2014-08-09T15:26:51.722797 #18236]  INFO -- : 0:  tilt (1.4.1) from /Users/okura/.rvm/gems/ruby-2.1.0/specifications/tilt-1.4.1.gemspec
I, [2014-08-09T15:26:51.723450 #18236]  INFO -- : 0:  sprockets (2.12.1) from /Users/okura/.rvm/gems/ruby-2.1.0/specifications/sprockets-2.12.1.gemspec
I, [2014-08-09T15:26:51.724058 #18236]  INFO -- : 0:  sprockets-rails (2.0.1) from /Users/okura/.rvm/gems/ruby-2.1.0/specifications/sprockets-rails-2.0.1.gemspec
I, [2014-08-09T15:26:51.725209 #18236]  INFO -- : 0:  sass-rails (4.0.1) from /Users/okura/.rvm/gems/ruby-2.1.0/specifications/sass-rails-4.0.1.gemspec
I, [2014-08-09T15:26:51.725908 #18236]  INFO -- : 0:  font-awesome-sass-rails (3.0.2.2) from /Users/okura/.rvm/gems/ruby-2.1.0/specifications/font-awesome-sass-rails-3.0.2.2.gemspec
I, [2014-08-09T15:26:51.726569 #18236]  INFO -- : 0:  jbuilder (1.5.3) from /Users/okura/.rvm/gems/ruby-2.1.0/specifications/jbuilder-1.5.3.gemspec
I, [2014-08-09T15:26:51.727182 #18236]  INFO -- : 0:  jquery-rails (3.1.0) from /Users/okura/.rvm/gems/ruby-2.1.0/specifications/jquery-rails-3.1.0.gemspec
I, [2014-08-09T15:26:51.727788 #18236]  INFO -- : 0:  jquery-ui-rails (4.1.1) from /Users/okura/.rvm/gems/ruby-2.1.0/specifications/jquery-ui-rails-4.1.1.gemspec
I, [2014-08-09T15:26:51.728414 #18236]  INFO -- : 0:  less (2.4.0) from /Users/okura/.rvm/gems/ruby-2.1.0/specifications/less-2.4.0.gemspec
I, [2014-08-09T15:26:51.729034 #18236]  INFO -- : 0:  less-rails (2.4.2) from /Users/okura/.rvm/gems/ruby-2.1.0/specifications/less-rails-2.4.2.gemspec
I, [2014-08-09T15:26:51.729662 #18236]  INFO -- : 0:  libv8 (3.16.14.3) from /Users/okura/.rvm/gems/ruby-2.1.0/specifications/libv8-3.16.14.3-x86_64-darwin-12.gemspec
I, [2014-08-09T15:26:51.730281 #18236]  INFO -- : 0:  rails (4.1.0) from /Users/okura/.rvm/gems/ruby-2.1.0/specifications/rails-4.1.0.gemspec
I, [2014-08-09T15:26:51.730918 #18236]  INFO -- : 0:  rdoc (4.1.1) from /Users/okura/.rvm/gems/ruby-2.1.0/specifications/rdoc-4.1.1.gemspec
I, [2014-08-09T15:26:51.731512 #18236]  INFO -- : 0:  ref (1.0.5) from /Users/okura/.rvm/gems/ruby-2.1.0/specifications/ref-1.0.5.gemspec
I, [2014-08-09T15:26:51.732113 #18236]  INFO -- : 0:  sdoc (0.4.0) from /Users/okura/.rvm/gems/ruby-2.1.0/specifications/sdoc-0.4.0.gemspec
I, [2014-08-09T15:26:51.732735 #18236]  INFO -- : 0:  temple (0.6.7) from /Users/okura/.rvm/gems/ruby-2.1.0/specifications/temple-0.6.7.gemspec
I, [2014-08-09T15:26:51.733366 #18236]  INFO -- : 0:  slim (2.0.2) from /Users/okura/.rvm/gems/ruby-2.1.0/specifications/slim-2.0.2.gemspec
I, [2014-08-09T15:26:51.734010 #18236]  INFO -- : 0:  slim-rails (2.1.5) from /Users/okura/.rvm/gems/ruby-2.1.0/specifications/slim-rails-2.1.5.gemspec
I, [2014-08-09T15:26:51.734625 #18236]  INFO -- : 0:  therubyracer (0.12.1) from /Users/okura/.rvm/gems/ruby-2.1.0/specifications/therubyracer-0.12.1.gemspec
I, [2014-08-09T15:26:51.735245 #18236]  INFO -- : 0:  turbolinks (2.2.1) from /Users/okura/.rvm/gems/ruby-2.1.0/specifications/turbolinks-2.2.1.gemspec
I, [2014-08-09T15:26:52.304994 #18236]  INFO -- : 0:  twitter-bootstrap-rails (2.2.8) from /Users/okura/.rvm/gems/ruby-2.1.0/bundler/gems/twitter-bootstrap-rails-915a9ab30592/twitter-bootstrap-rails.gemspec
I, [2014-08-09T15:26:55.963766 #18236]  INFO -- : 0:  twitter-bootswatch-rails (3.1.1.1) from /Users/okura/.rvm/gems/ruby-2.1.0/specifications/twitter-bootswatch-rails-3.1.1.1.gemspec
I, [2014-08-09T15:26:57.714800 #18236]  INFO -- : 0:  twitter-bootswatch-rails-helpers (3.1.0.0) from /Users/okura/.rvm/gems/ruby-2.1.0/specifications/twitter-bootswatch-rails-helpers-3.1.0.0.gemspec
I, [2014-08-09T15:26:57.715715 #18236]  INFO -- : 0:  uglifier (2.4.0) from /Users/okura/.rvm/gems/ruby-2.1.0/specifications/uglifier-2.4.0.gemspec
I, [2014-08-09T15:32:33.244581 #18323]  INFO -- : 0:  rake (10.3.2) from /Users/okura/.rvm/gems/ruby-2.1.0/specifications/rake-10.3.2.gemspec
I, [2014-08-09T15:32:33.246836 #18323]  INFO -- : 0:  i18n (0.6.11) from /Users/okura/.rvm/gems/ruby-2.1.0/specifications/i18n-0.6.11.gemspec
I, [2014-08-09T15:32:33.247949 #18323]  INFO -- : 0:  json (1.8.1) from /Users/okura/.rvm/rubies/ruby-2.1.0/lib/ruby/gems/2.1.0/specifications/default/json-1.8.1.gemspec
I, [2014-08-09T15:32:33.248778 #18323]  INFO -- : 0:  minitest (5.4.0) from /Users/okura/.rvm/gems/ruby-2.1.0/specifications/minitest-5.4.0.gemspec
I, [2014-08-09T15:32:33.249629 #18323]  INFO -- : 0:  thread_safe (0.3.4) from /Users/okura/.rvm/gems/ruby-2.1.0/specifications/thread_safe-0.3.4.gemspec
I, [2014-08-09T15:32:36.310797 #18323]  INFO -- : 0:  tzinfo (1.2.2) from /Users/okura/.rvm/gems/ruby-2.1.0/specifications/tzinfo-1.2.2.gemspec
I, [2014-08-09T15:32:36.311657 #18323]  INFO -- : 0:  activesupport (4.1.0) from /Users/okura/.rvm/gems/ruby-2.1.0/specifications/activesupport-4.1.0.gemspec
I, [2014-08-09T15:32:36.312266 #18323]  INFO -- : 0:  builder (3.2.2) from /Users/okura/.rvm/gems/ruby-2.1.0/specifications/builder-3.2.2.gemspec
I, [2014-08-09T15:32:36.312808 #18323]  INFO -- : 0:  erubis (2.7.0) from /Users/okura/.rvm/gems/ruby-2.1.0/specifications/erubis-2.7.0.gemspec
I, [2014-08-09T15:32:36.313401 #18323]  INFO -- : 0:  actionview (4.1.0) from /Users/okura/.rvm/gems/ruby-2.1.0/specifications/actionview-4.1.0.gemspec
I, [2014-08-09T15:32:36.313959 #18323]  INFO -- : 0:  rack (1.5.2) from /Users/okura/.rvm/gems/ruby-2.1.0/specifications/rack-1.5.2.gemspec
I, [2014-08-09T15:32:36.314552 #18323]  INFO -- : 0:  rack-test (0.6.2) from /Users/okura/.rvm/gems/ruby-2.1.0/specifications/rack-test-0.6.2.gemspec
I, [2014-08-09T15:32:36.315163 #18323]  INFO -- : 0:  actionpack (4.1.0) from /Users/okura/.rvm/gems/ruby-2.1.0/specifications/actionpack-4.1.0.gemspec
I, [2014-08-09T15:32:36.315802 #18323]  INFO -- : 0:  mime-types (1.25.1) from /Users/okura/.rvm/gems/ruby-2.1.0/specifications/mime-types-1.25.1.gemspec
I, [2014-08-09T15:32:36.316524 #18323]  INFO -- : 0:  polyglot (0.3.5) from /Users/okura/.rvm/gems/ruby-2.1.0/specifications/polyglot-0.3.5.gemspec
I, [2014-08-09T15:32:36.317082 #18323]  INFO -- : 0:  treetop (1.4.15) from /Users/okura/.rvm/gems/ruby-2.1.0/specifications/treetop-1.4.15.gemspec
I, [2014-08-09T15:32:36.317623 #18323]  INFO -- : 0:  mail (2.5.4) from /Users/okura/.rvm/gems/ruby-2.1.0/specifications/mail-2.5.4.gemspec
I, [2014-08-09T15:32:36.318219 #18323]  INFO -- : 0:  actionmailer (4.1.0) from /Users/okura/.rvm/gems/ruby-2.1.0/specifications/actionmailer-4.1.0.gemspec
I, [2014-08-09T15:32:36.318872 #18323]  INFO -- : 0:  activemodel (4.1.0) from /Users/okura/.rvm/gems/ruby-2.1.0/specifications/activemodel-4.1.0.gemspec
I, [2014-08-09T15:32:36.319467 #18323]  INFO -- : 0:  arel (5.0.1.20140414130214) from /Users/okura/.rvm/gems/ruby-2.1.0/specifications/arel-5.0.1.20140414130214.gemspec
I, [2014-08-09T15:32:36.320086 #18323]  INFO -- : 0:  activerecord (4.1.0) from /Users/okura/.rvm/gems/ruby-2.1.0/specifications/activerecord-4.1.0.gemspec
I, [2014-08-09T15:32:43.514612 #18323]  INFO -- : 0:  bson (2.3.0) from /Users/okura/.rvm/gems/ruby-2.1.0/specifications/bson-2.3.0.gemspec
I, [2014-08-09T15:32:43.516719 #18323]  INFO -- : 0:  bundler (1.5.1) from /Users/okura/.rvm/gems/ruby-2.1.0@global/specifications/bundler-1.5.1.gemspec
I, [2014-08-09T15:32:43.517372 #18323]  INFO -- : 0:  carrierwave (0.10.0) from /Users/okura/.rvm/gems/ruby-2.1.0/specifications/carrierwave-0.10.0.gemspec
I, [2014-08-09T15:32:45.290365 #18323]  INFO -- : 0:  connection_pool (2.0.0) from /Users/okura/.rvm/gems/ruby-2.1.0/specifications/connection_pool-2.0.0.gemspec
I, [2014-08-09T15:32:45.291195 #18323]  INFO -- : 0:  optionable (0.2.0) from /Users/okura/.rvm/gems/ruby-2.1.0/specifications/optionable-0.2.0.gemspec
I, [2014-08-09T15:32:47.801887 #18323]  INFO -- : 0:  moped (2.0.0) from /Users/okura/.rvm/gems/ruby-2.1.0/specifications/moped-2.0.0.gemspec
I, [2014-08-09T15:32:49.966050 #18323]  INFO -- : 0:  origin (2.1.1) from /Users/okura/.rvm/gems/ruby-2.1.0/specifications/origin-2.1.1.gemspec
I, [2014-08-09T15:32:52.380955 #18323]  INFO -- : 0:  mongoid (4.0.0) from /Users/okura/.rvm/gems/ruby-2.1.0/bundler/gems/mongoid-8cb17e983997/mongoid.gemspec
I, [2014-08-09T15:32:52.381738 #18323]  INFO -- : 0:  mongoid-grid_fs (2.1.0) from /Users/okura/.rvm/gems/ruby-2.1.0/specifications/mongoid-grid_fs-2.1.0.gemspec
I, [2014-08-09T15:32:52.382293 #18323]  INFO -- : 0:  carrierwave-mongoid (0.7.1) from /Users/okura/.rvm/gems/ruby-2.1.0/specifications/carrierwave-mongoid-0.7.1.gemspec
I, [2014-08-09T15:32:54.799309 #18323]  INFO -- : 0:  coffee-script-source (1.7.1) from /Users/okura/.rvm/gems/ruby-2.1.0/specifications/coffee-script-source-1.7.1.gemspec
I, [2014-08-09T15:32:56.800723 #18323]  INFO -- : 0:  execjs (2.2.1) from /Users/okura/.rvm/gems/ruby-2.1.0/specifications/execjs-2.2.1.gemspec
I, [2014-08-09T15:32:58.516877 #18323]  INFO -- : 0:  coffee-script (2.3.0) from /Users/okura/.rvm/gems/ruby-2.1.0/specifications/coffee-script-2.3.0.gemspec
I, [2014-08-09T15:32:58.519102 #18323]  INFO -- : 0:  thor (0.19.1) from /Users/okura/.rvm/gems/ruby-2.1.0/specifications/thor-0.19.1.gemspec
I, [2014-08-09T15:32:58.520586 #18323]  INFO -- : 0:  railties (4.1.0) from /Users/okura/.rvm/gems/ruby-2.1.0/specifications/railties-4.1.0.gemspec
I, [2014-08-09T15:32:58.523360 #18323]  INFO -- : 0:  coffee-rails (4.0.1) from /Users/okura/.rvm/gems/ruby-2.1.0/specifications/coffee-rails-4.0.1.gemspec
I, [2014-08-09T15:32:58.524065 #18323]  INFO -- : 0:  commonjs (0.2.7) from /Users/okura/.rvm/gems/ruby-2.1.0/specifications/commonjs-0.2.7.gemspec
I, [2014-08-09T15:32:58.524647 #18323]  INFO -- : 0:  sass (3.2.19) from /Users/okura/.rvm/gems/ruby-2.1.0/specifications/sass-3.2.19.gemspec
I, [2014-08-09T15:32:58.525163 #18323]  INFO -- : 0:  hike (1.2.3) from /Users/okura/.rvm/gems/ruby-2.1.0/specifications/hike-1.2.3.gemspec
I, [2014-08-09T15:32:58.525680 #18323]  INFO -- : 0:  multi_json (1.10.1) from /Users/okura/.rvm/gems/ruby-2.1.0/specifications/multi_json-1.10.1.gemspec
I, [2014-08-09T15:32:58.526209 #18323]  INFO -- : 0:  tilt (1.4.1) from /Users/okura/.rvm/gems/ruby-2.1.0/specifications/tilt-1.4.1.gemspec
I, [2014-08-09T15:32:58.529259 #18323]  INFO -- : 0:  sprockets (2.11.0) from /Users/okura/.rvm/gems/ruby-2.1.0/specifications/sprockets-2.11.0.gemspec
I, [2014-08-09T15:32:58.532710 #18323]  INFO -- : 0:  sprockets-rails (2.1.3) from /Users/okura/.rvm/gems/ruby-2.1.0/specifications/sprockets-rails-2.1.3.gemspec
I, [2014-08-09T15:33:01.712280 #18323]  INFO -- : 0:  sass-rails (4.0.3) from /Users/okura/.rvm/gems/ruby-2.1.0/specifications/sass-rails-4.0.3.gemspec
I, [2014-08-09T15:33:01.715182 #18323]  INFO -- : 0:  font-awesome-sass-rails (3.0.2.2) from /Users/okura/.rvm/gems/ruby-2.1.0/specifications/font-awesome-sass-rails-3.0.2.2.gemspec
I, [2014-08-09T15:33:01.715808 #18323]  INFO -- : 0:  jbuilder (1.5.3) from /Users/okura/.rvm/gems/ruby-2.1.0/specifications/jbuilder-1.5.3.gemspec
I, [2014-08-09T15:33:05.187936 #18323]  INFO -- : 0:  jquery-rails (3.1.1) from /Users/okura/.rvm/gems/ruby-2.1.0/specifications/jquery-rails-3.1.1.gemspec
I, [2014-08-09T15:33:08.734693 #18323]  INFO -- : 0:  jquery-ui-rails (5.0.0) from /Users/okura/.rvm/gems/ruby-2.1.0/specifications/jquery-ui-rails-5.0.0.gemspec
I, [2014-08-09T15:33:19.604702 #18323]  INFO -- : 0:  less (2.5.1) from /Users/okura/.rvm/gems/ruby-2.1.0/specifications/less-2.5.1.gemspec
I, [2014-08-09T15:33:22.048610 #18323]  INFO -- : 0:  less-rails (2.5.0) from /Users/okura/.rvm/gems/ruby-2.1.0/specifications/less-rails-2.5.0.gemspec
I, [2014-08-09T15:33:22.049390 #18323]  INFO -- : 0:  libv8 (3.16.14.3) from /Users/okura/.rvm/gems/ruby-2.1.0/specifications/libv8-3.16.14.3-x86_64-darwin-12.gemspec
I, [2014-08-09T15:33:22.049966 #18323]  INFO -- : 0:  rails (4.1.0) from /Users/okura/.rvm/gems/ruby-2.1.0/specifications/rails-4.1.0.gemspec
I, [2014-08-09T15:33:22.050513 #18323]  INFO -- : 0:  rdoc (4.1.1) from /Users/okura/.rvm/gems/ruby-2.1.0/specifications/rdoc-4.1.1.gemspec
I, [2014-08-09T15:33:22.051056 #18323]  INFO -- : 0:  ref (1.0.5) from /Users/okura/.rvm/gems/ruby-2.1.0/specifications/ref-1.0.5.gemspec
I, [2014-08-09T15:33:22.051592 #18323]  INFO -- : 0:  sdoc (0.4.0) from /Users/okura/.rvm/gems/ruby-2.1.0/specifications/sdoc-0.4.0.gemspec
I, [2014-08-09T15:33:24.316922 #18323]  INFO -- : 0:  temple (0.6.8) from /Users/okura/.rvm/gems/ruby-2.1.0/specifications/temple-0.6.8.gemspec
I, [2014-08-09T15:33:27.008106 #18323]  INFO -- : 0:  slim (2.0.3) from /Users/okura/.rvm/gems/ruby-2.1.0/specifications/slim-2.0.3.gemspec
I, [2014-08-09T15:33:27.008855 #18323]  INFO -- : 0:  slim-rails (2.1.5) from /Users/okura/.rvm/gems/ruby-2.1.0/specifications/slim-rails-2.1.5.gemspec
I, [2014-08-09T15:33:27.009462 #18323]  INFO -- : 0:  therubyracer (0.12.1) from /Users/okura/.rvm/gems/ruby-2.1.0/specifications/therubyracer-0.12.1.gemspec
I, [2014-08-09T15:33:29.184418 #18323]  INFO -- : 0:  turbolinks (2.2.2) from /Users/okura/.rvm/gems/ruby-2.1.0/specifications/turbolinks-2.2.2.gemspec
I, [2014-08-09T15:33:29.862205 #18323]  INFO -- : 0:  twitter-bootstrap-rails (2.2.8) from /Users/okura/.rvm/gems/ruby-2.1.0/bundler/gems/twitter-bootstrap-rails-38476dbd7f9a/twitter-bootstrap-rails.gemspec
I, [2014-08-09T15:33:32.992347 #18323]  INFO -- : 0:  twitter-bootswatch-rails (3.2.0.0) from /Users/okura/.rvm/gems/ruby-2.1.0/specifications/twitter-bootswatch-rails-3.2.0.0.gemspec
I, [2014-08-09T15:33:34.708180 #18323]  INFO -- : 0:  twitter-bootswatch-rails-helpers (3.2.0.0) from /Users/okura/.rvm/gems/ruby-2.1.0/specifications/twitter-bootswatch-rails-helpers-3.2.0.0.gemspec
I, [2014-08-09T15:33:37.384676 #18323]  INFO -- : 0:  uglifier (2.5.3) from /Users/okura/.rvm/gems/ruby-2.1.0/specifications/uglifier-2.5.3.gemspec
I, [2014-08-09T15:45:59.346259 #20229]  INFO -- : 0:  rake (10.3.2) from /Users/okura/.rvm/gems/ruby-2.1.0/specifications/rake-10.3.2.gemspec
I, [2014-08-09T15:45:59.349201 #20229]  INFO -- : 0:  i18n (0.6.11) from /Users/okura/.rvm/gems/ruby-2.1.0/specifications/i18n-0.6.11.gemspec
I, [2014-08-09T15:45:59.349837 #20229]  INFO -- : 0:  json (1.8.1) from /Users/okura/.rvm/rubies/ruby-2.1.0/lib/ruby/gems/2.1.0/specifications/default/json-1.8.1.gemspec
I, [2014-08-09T15:45:59.350383 #20229]  INFO -- : 0:  minitest (5.4.0) from /Users/okura/.rvm/gems/ruby-2.1.0/specifications/minitest-5.4.0.gemspec
I, [2014-08-09T15:45:59.350909 #20229]  INFO -- : 0:  thread_safe (0.3.4) from /Users/okura/.rvm/gems/ruby-2.1.0/specifications/thread_safe-0.3.4.gemspec
I, [2014-08-09T15:45:59.351428 #20229]  INFO -- : 0:  tzinfo (1.2.2) from /Users/okura/.rvm/gems/ruby-2.1.0/specifications/tzinfo-1.2.2.gemspec
I, [2014-08-09T15:45:59.351959 #20229]  INFO -- : 0:  activesupport (4.1.0) from /Users/okura/.rvm/gems/ruby-2.1.0/specifications/activesupport-4.1.0.gemspec
I, [2014-08-09T15:45:59.352479 #20229]  INFO -- : 0:  builder (3.2.2) from /Users/okura/.rvm/gems/ruby-2.1.0/specifications/builder-3.2.2.gemspec
I, [2014-08-09T15:45:59.353000 #20229]  INFO -- : 0:  erubis (2.7.0) from /Users/okura/.rvm/gems/ruby-2.1.0/specifications/erubis-2.7.0.gemspec
I, [2014-08-09T15:45:59.353525 #20229]  INFO -- : 0:  actionview (4.1.0) from /Users/okura/.rvm/gems/ruby-2.1.0/specifications/actionview-4.1.0.gemspec
I, [2014-08-09T15:45:59.354148 #20229]  INFO -- : 0:  rack (1.5.2) from /Users/okura/.rvm/gems/ruby-2.1.0/specifications/rack-1.5.2.gemspec
I, [2014-08-09T15:45:59.354656 #20229]  INFO -- : 0:  rack-test (0.6.2) from /Users/okura/.rvm/gems/ruby-2.1.0/specifications/rack-test-0.6.2.gemspec
I, [2014-08-09T15:45:59.355186 #20229]  INFO -- : 0:  actionpack (4.1.0) from /Users/okura/.rvm/gems/ruby-2.1.0/specifications/actionpack-4.1.0.gemspec
I, [2014-08-09T15:45:59.355706 #20229]  INFO -- : 0:  mime-types (1.25.1) from /Users/okura/.rvm/gems/ruby-2.1.0/specifications/mime-types-1.25.1.gemspec
I, [2014-08-09T15:45:59.356246 #20229]  INFO -- : 0:  polyglot (0.3.5) from /Users/okura/.rvm/gems/ruby-2.1.0/specifications/polyglot-0.3.5.gemspec
I, [2014-08-09T15:45:59.356766 #20229]  INFO -- : 0:  treetop (1.4.15) from /Users/okura/.rvm/gems/ruby-2.1.0/specifications/treetop-1.4.15.gemspec
I, [2014-08-09T15:45:59.357274 #20229]  INFO -- : 0:  mail (2.5.4) from /Users/okura/.rvm/gems/ruby-2.1.0/specifications/mail-2.5.4.gemspec
I, [2014-08-09T15:45:59.357793 #20229]  INFO -- : 0:  actionmailer (4.1.0) from /Users/okura/.rvm/gems/ruby-2.1.0/specifications/actionmailer-4.1.0.gemspec
I, [2014-08-09T15:45:59.358325 #20229]  INFO -- : 0:  activemodel (4.1.0) from /Users/okura/.rvm/gems/ruby-2.1.0/specifications/activemodel-4.1.0.gemspec
I, [2014-08-09T15:45:59.358852 #20229]  INFO -- : 0:  arel (5.0.1.20140414130214) from /Users/okura/.rvm/gems/ruby-2.1.0/specifications/arel-5.0.1.20140414130214.gemspec
I, [2014-08-09T15:45:59.359465 #20229]  INFO -- : 0:  activerecord (4.1.0) from /Users/okura/.rvm/gems/ruby-2.1.0/specifications/activerecord-4.1.0.gemspec
I, [2014-08-09T15:45:59.360009 #20229]  INFO -- : 0:  bson (2.3.0) from /Users/okura/.rvm/gems/ruby-2.1.0/specifications/bson-2.3.0.gemspec
I, [2014-08-09T15:45:59.360497 #20229]  INFO -- : 0:  bundler (1.5.1) from /Users/okura/.rvm/gems/ruby-2.1.0@global/specifications/bundler-1.5.1.gemspec
I, [2014-08-09T15:45:59.360993 #20229]  INFO -- : 0:  carrierwave (0.10.0) from /Users/okura/.rvm/gems/ruby-2.1.0/specifications/carrierwave-0.10.0.gemspec
I, [2014-08-09T15:45:59.361511 #20229]  INFO -- : 0:  connection_pool (2.0.0) from /Users/okura/.rvm/gems/ruby-2.1.0/specifications/connection_pool-2.0.0.gemspec
I, [2014-08-09T15:45:59.362026 #20229]  INFO -- : 0:  optionable (0.2.0) from /Users/okura/.rvm/gems/ruby-2.1.0/specifications/optionable-0.2.0.gemspec
I, [2014-08-09T15:45:59.362559 #20229]  INFO -- : 0:  moped (2.0.0) from /Users/okura/.rvm/gems/ruby-2.1.0/specifications/moped-2.0.0.gemspec
I, [2014-08-09T15:45:59.363095 #20229]  INFO -- : 0:  origin (2.1.1) from /Users/okura/.rvm/gems/ruby-2.1.0/specifications/origin-2.1.1.gemspec
I, [2014-08-09T15:46:03.154224 #20229]  INFO -- : 0:  mongoid (4.0.0) from /Users/okura/.rvm/gems/ruby-2.1.0/bundler/gems/mongoid-8cb17e983997/mongoid.gemspec
I, [2014-08-09T15:46:03.158386 #20229]  INFO -- : 0:  mongoid-grid_fs (2.1.0) from /Users/okura/.rvm/gems/ruby-2.1.0/specifications/mongoid-grid_fs-2.1.0.gemspec
I, [2014-08-09T15:46:03.191884 #20229]  INFO -- : 0:  carrierwave-mongoid (0.7.1) from /Users/okura/.rvm/gems/ruby-2.1.0/specifications/carrierwave-mongoid-0.7.1.gemspec
I, [2014-08-09T15:46:03.192634 #20229]  INFO -- : 0:  coffee-script-source (1.7.1) from /Users/okura/.rvm/gems/ruby-2.1.0/specifications/coffee-script-source-1.7.1.gemspec
I, [2014-08-09T15:46:03.193506 #20229]  INFO -- : 0:  execjs (2.2.1) from /Users/okura/.rvm/gems/ruby-2.1.0/specifications/execjs-2.2.1.gemspec
I, [2014-08-09T15:46:03.194477 #20229]  INFO -- : 0:  coffee-script (2.3.0) from /Users/okura/.rvm/gems/ruby-2.1.0/specifications/coffee-script-2.3.0.gemspec
I, [2014-08-09T15:46:03.195180 #20229]  INFO -- : 0:  thor (0.19.1) from /Users/okura/.rvm/gems/ruby-2.1.0/specifications/thor-0.19.1.gemspec
I, [2014-08-09T15:46:03.204626 #20229]  INFO -- : 0:  railties (4.1.0) from /Users/okura/.rvm/gems/ruby-2.1.0/specifications/railties-4.1.0.gemspec
I, [2014-08-09T15:46:03.205278 #20229]  INFO -- : 0:  coffee-rails (4.0.1) from /Users/okura/.rvm/gems/ruby-2.1.0/specifications/coffee-rails-4.0.1.gemspec
I, [2014-08-09T15:46:03.209005 #20229]  INFO -- : 0:  commonjs (0.2.7) from /Users/okura/.rvm/gems/ruby-2.1.0/specifications/commonjs-0.2.7.gemspec
I, [2014-08-09T15:46:03.209875 #20229]  INFO -- : 0:  sass (3.2.19) from /Users/okura/.rvm/gems/ruby-2.1.0/specifications/sass-3.2.19.gemspec
I, [2014-08-09T15:46:03.241090 #20229]  INFO -- : 0:  hike (1.2.3) from /Users/okura/.rvm/gems/ruby-2.1.0/specifications/hike-1.2.3.gemspec
I, [2014-08-09T15:46:03.241816 #20229]  INFO -- : 0:  multi_json (1.10.1) from /Users/okura/.rvm/gems/ruby-2.1.0/specifications/multi_json-1.10.1.gemspec
I, [2014-08-09T15:46:03.243027 #20229]  INFO -- : 0:  tilt (1.4.1) from /Users/okura/.rvm/gems/ruby-2.1.0/specifications/tilt-1.4.1.gemspec
I, [2014-08-09T15:46:03.263591 #20229]  INFO -- : 0:  sprockets (2.11.0) from /Users/okura/.rvm/gems/ruby-2.1.0/specifications/sprockets-2.11.0.gemspec
I, [2014-08-09T15:46:03.265403 #20229]  INFO -- : 0:  sprockets-rails (2.1.3) from /Users/okura/.rvm/gems/ruby-2.1.0/specifications/sprockets-rails-2.1.3.gemspec
I, [2014-08-09T15:46:03.266399 #20229]  INFO -- : 0:  sass-rails (4.0.3) from /Users/okura/.rvm/gems/ruby-2.1.0/specifications/sass-rails-4.0.3.gemspec
I, [2014-08-09T15:46:03.267168 #20229]  INFO -- : 0:  font-awesome-sass-rails (3.0.2.2) from /Users/okura/.rvm/gems/ruby-2.1.0/specifications/font-awesome-sass-rails-3.0.2.2.gemspec
I, [2014-08-09T15:46:03.267965 #20229]  INFO -- : 0:  jbuilder (1.5.3) from /Users/okura/.rvm/gems/ruby-2.1.0/specifications/jbuilder-1.5.3.gemspec
I, [2014-08-09T15:46:03.268699 #20229]  INFO -- : 0:  jquery-rails (3.1.1) from /Users/okura/.rvm/gems/ruby-2.1.0/specifications/jquery-rails-3.1.1.gemspec
I, [2014-08-09T15:46:03.269430 #20229]  INFO -- : 0:  jquery-ui-rails (5.0.0) from /Users/okura/.rvm/gems/ruby-2.1.0/specifications/jquery-ui-rails-5.0.0.gemspec
I, [2014-08-09T15:46:03.270217 #20229]  INFO -- : 0:  less (2.5.1) from /Users/okura/.rvm/gems/ruby-2.1.0/specifications/less-2.5.1.gemspec
I, [2014-08-09T15:46:03.270961 #20229]  INFO -- : 0:  less-rails (2.5.0) from /Users/okura/.rvm/gems/ruby-2.1.0/specifications/less-rails-2.5.0.gemspec
I, [2014-08-09T15:46:03.271704 #20229]  INFO -- : 0:  libv8 (3.16.14.3) from /Users/okura/.rvm/gems/ruby-2.1.0/specifications/libv8-3.16.14.3-x86_64-darwin-12.gemspec
I, [2014-08-09T15:46:03.272421 #20229]  INFO -- : 0:  rails (4.1.0) from /Users/okura/.rvm/gems/ruby-2.1.0/specifications/rails-4.1.0.gemspec
I, [2014-08-09T15:46:03.273403 #20229]  INFO -- : 0:  rdoc (4.1.1) from /Users/okura/.rvm/gems/ruby-2.1.0/specifications/rdoc-4.1.1.gemspec
I, [2014-08-09T15:46:03.274133 #20229]  INFO -- : 0:  ref (1.0.5) from /Users/okura/.rvm/gems/ruby-2.1.0/specifications/ref-1.0.5.gemspec
I, [2014-08-09T15:46:03.274887 #20229]  INFO -- : 0:  sdoc (0.4.0) from /Users/okura/.rvm/gems/ruby-2.1.0/specifications/sdoc-0.4.0.gemspec
I, [2014-08-09T15:46:03.275612 #20229]  INFO -- : 0:  temple (0.6.8) from /Users/okura/.rvm/gems/ruby-2.1.0/specifications/temple-0.6.8.gemspec
I, [2014-08-09T15:46:03.276521 #20229]  INFO -- : 0:  slim (2.0.3) from /Users/okura/.rvm/gems/ruby-2.1.0/specifications/slim-2.0.3.gemspec
I, [2014-08-09T15:46:03.277387 #20229]  INFO -- : 0:  slim-rails (2.1.5) from /Users/okura/.rvm/gems/ruby-2.1.0/specifications/slim-rails-2.1.5.gemspec
I, [2014-08-09T15:46:03.278196 #20229]  INFO -- : 0:  therubyracer (0.12.1) from /Users/okura/.rvm/gems/ruby-2.1.0/specifications/therubyracer-0.12.1.gemspec
I, [2014-08-09T15:46:03.312058 #20229]  INFO -- : 0:  turbolinks (2.2.2) from /Users/okura/.rvm/gems/ruby-2.1.0/specifications/turbolinks-2.2.2.gemspec
I, [2014-08-09T15:46:04.308032 #20229]  INFO -- : 0:  twitter-bootstrap-rails (2.2.8) from /Users/okura/.rvm/gems/ruby-2.1.0/bundler/gems/twitter-bootstrap-rails-38476dbd7f9a/twitter-bootstrap-rails.gemspec
I, [2014-08-09T15:46:04.309186 #20229]  INFO -- : 0:  twitter-bootswatch-rails (3.2.0.0) from /Users/okura/.rvm/gems/ruby-2.1.0/specifications/twitter-bootswatch-rails-3.2.0.0.gemspec
I, [2014-08-09T15:46:04.310240 #20229]  INFO -- : 0:  twitter-bootswatch-rails-helpers (3.2.0.0) from /Users/okura/.rvm/gems/ruby-2.1.0/specifications/twitter-bootswatch-rails-helpers-3.2.0.0.gemspec
I, [2014-08-09T15:46:04.311102 #20229]  INFO -- : 0:  uglifier (2.5.3) from /Users/okura/.rvm/gems/ruby-2.1.0/specifications/uglifier-2.5.3.gemspec
I, [2014-08-09T15:52:15.815724 #20286]  INFO -- : 0:  rake (10.3.2) from /Users/okura/.rvm/gems/ruby-2.1.0/specifications/rake-10.3.2.gemspec
I, [2014-08-09T15:52:15.816529 #20286]  INFO -- : 0:  i18n (0.6.11) from /Users/okura/.rvm/gems/ruby-2.1.0/specifications/i18n-0.6.11.gemspec
I, [2014-08-09T15:52:15.817081 #20286]  INFO -- : 0:  json (1.8.1) from /Users/okura/.rvm/rubies/ruby-2.1.0/lib/ruby/gems/2.1.0/specifications/default/json-1.8.1.gemspec
I, [2014-08-09T15:52:15.817644 #20286]  INFO -- : 0:  minitest (5.4.0) from /Users/okura/.rvm/gems/ruby-2.1.0/specifications/minitest-5.4.0.gemspec
I, [2014-08-09T15:52:15.818218 #20286]  INFO -- : 0:  thread_safe (0.3.4) from /Users/okura/.rvm/gems/ruby-2.1.0/specifications/thread_safe-0.3.4.gemspec
I, [2014-08-09T15:52:15.818769 #20286]  INFO -- : 0:  tzinfo (1.2.2) from /Users/okura/.rvm/gems/ruby-2.1.0/specifications/tzinfo-1.2.2.gemspec
I, [2014-08-09T15:52:15.819338 #20286]  INFO -- : 0:  activesupport (4.1.0) from /Users/okura/.rvm/gems/ruby-2.1.0/specifications/activesupport-4.1.0.gemspec
I, [2014-08-09T15:52:15.819905 #20286]  INFO -- : 0:  builder (3.2.2) from /Users/okura/.rvm/gems/ruby-2.1.0/specifications/builder-3.2.2.gemspec
I, [2014-08-09T15:52:15.820444 #20286]  INFO -- : 0:  erubis (2.7.0) from /Users/okura/.rvm/gems/ruby-2.1.0/specifications/erubis-2.7.0.gemspec
I, [2014-08-09T15:52:15.821000 #20286]  INFO -- : 0:  actionview (4.1.0) from /Users/okura/.rvm/gems/ruby-2.1.0/specifications/actionview-4.1.0.gemspec
I, [2014-08-09T15:52:15.821585 #20286]  INFO -- : 0:  rack (1.5.2) from /Users/okura/.rvm/gems/ruby-2.1.0/specifications/rack-1.5.2.gemspec
I, [2014-08-09T15:52:15.822132 #20286]  INFO -- : 0:  rack-test (0.6.2) from /Users/okura/.rvm/gems/ruby-2.1.0/specifications/rack-test-0.6.2.gemspec
I, [2014-08-09T15:52:15.822653 #20286]  INFO -- : 0:  actionpack (4.1.0) from /Users/okura/.rvm/gems/ruby-2.1.0/specifications/actionpack-4.1.0.gemspec
I, [2014-08-09T15:52:15.823237 #20286]  INFO -- : 0:  mime-types (1.25.1) from /Users/okura/.rvm/gems/ruby-2.1.0/specifications/mime-types-1.25.1.gemspec
I, [2014-08-09T15:52:15.823785 #20286]  INFO -- : 0:  polyglot (0.3.5) from /Users/okura/.rvm/gems/ruby-2.1.0/specifications/polyglot-0.3.5.gemspec
I, [2014-08-09T15:52:15.824332 #20286]  INFO -- : 0:  treetop (1.4.15) from /Users/okura/.rvm/gems/ruby-2.1.0/specifications/treetop-1.4.15.gemspec
I, [2014-08-09T15:52:15.824874 #20286]  INFO -- : 0:  mail (2.5.4) from /Users/okura/.rvm/gems/ruby-2.1.0/specifications/mail-2.5.4.gemspec
I, [2014-08-09T15:52:15.825842 #20286]  INFO -- : 0:  actionmailer (4.1.0) from /Users/okura/.rvm/gems/ruby-2.1.0/specifications/actionmailer-4.1.0.gemspec
I, [2014-08-09T15:52:15.826558 #20286]  INFO -- : 0:  activemodel (4.1.0) from /Users/okura/.rvm/gems/ruby-2.1.0/specifications/activemodel-4.1.0.gemspec
I, [2014-08-09T15:52:15.827126 #20286]  INFO -- : 0:  arel (5.0.1.20140414130214) from /Users/okura/.rvm/gems/ruby-2.1.0/specifications/arel-5.0.1.20140414130214.gemspec
I, [2014-08-09T15:52:15.827687 #20286]  INFO -- : 0:  activerecord (4.1.0) from /Users/okura/.rvm/gems/ruby-2.1.0/specifications/activerecord-4.1.0.gemspec
I, [2014-08-09T15:52:15.828248 #20286]  INFO -- : 0:  bson (2.3.0) from /Users/okura/.rvm/gems/ruby-2.1.0/specifications/bson-2.3.0.gemspec
I, [2014-08-09T15:52:15.829052 #20286]  INFO -- : 0:  bundler (1.5.1) from /Users/okura/.rvm/gems/ruby-2.1.0@global/specifications/bundler-1.5.1.gemspec
I, [2014-08-09T15:52:15.835303 #20286]  INFO -- : 0:  carrierwave (0.10.0) from /Users/okura/.rvm/gems/ruby-2.1.0/specifications/carrierwave-0.10.0.gemspec
I, [2014-08-09T15:52:15.836232 #20286]  INFO -- : 0:  connection_pool (2.0.0) from /Users/okura/.rvm/gems/ruby-2.1.0/specifications/connection_pool-2.0.0.gemspec
I, [2014-08-09T15:52:15.836795 #20286]  INFO -- : 0:  optionable (0.2.0) from /Users/okura/.rvm/gems/ruby-2.1.0/specifications/optionable-0.2.0.gemspec
I, [2014-08-09T15:52:15.837360 #20286]  INFO -- : 0:  moped (2.0.0) from /Users/okura/.rvm/gems/ruby-2.1.0/specifications/moped-2.0.0.gemspec
I, [2014-08-09T15:52:15.837956 #20286]  INFO -- : 0:  origin (2.1.1) from /Users/okura/.rvm/gems/ruby-2.1.0/specifications/origin-2.1.1.gemspec
I, [2014-08-09T15:52:17.990013 #20286]  INFO -- : 0:  mongoid (4.0.0) from /Users/okura/.rvm/gems/ruby-2.1.0/bundler/gems/mongoid-8cb17e983997/mongoid.gemspec
I, [2014-08-09T15:52:17.990880 #20286]  INFO -- : 0:  mongoid-grid_fs (2.1.0) from /Users/okura/.rvm/gems/ruby-2.1.0/specifications/mongoid-grid_fs-2.1.0.gemspec
I, [2014-08-09T15:52:17.991535 #20286]  INFO -- : 0:  carrierwave-mongoid (0.7.1) from /Users/okura/.rvm/gems/ruby-2.1.0/specifications/carrierwave-mongoid-0.7.1.gemspec
I, [2014-08-09T15:52:17.992170 #20286]  INFO -- : 0:  coffee-script-source (1.7.1) from /Users/okura/.rvm/gems/ruby-2.1.0/specifications/coffee-script-source-1.7.1.gemspec
I, [2014-08-09T15:52:17.992730 #20286]  INFO -- : 0:  execjs (2.2.1) from /Users/okura/.rvm/gems/ruby-2.1.0/specifications/execjs-2.2.1.gemspec
I, [2014-08-09T15:52:17.993252 #20286]  INFO -- : 0:  coffee-script (2.3.0) from /Users/okura/.rvm/gems/ruby-2.1.0/specifications/coffee-script-2.3.0.gemspec
I, [2014-08-09T15:52:17.993790 #20286]  INFO -- : 0:  thor (0.19.1) from /Users/okura/.rvm/gems/ruby-2.1.0/specifications/thor-0.19.1.gemspec
I, [2014-08-09T15:52:17.994360 #20286]  INFO -- : 0:  railties (4.1.0) from /Users/okura/.rvm/gems/ruby-2.1.0/specifications/railties-4.1.0.gemspec
I, [2014-08-09T15:52:17.994879 #20286]  INFO -- : 0:  coffee-rails (4.0.1) from /Users/okura/.rvm/gems/ruby-2.1.0/specifications/coffee-rails-4.0.1.gemspec
I, [2014-08-09T15:52:17.995388 #20286]  INFO -- : 0:  commonjs (0.2.7) from /Users/okura/.rvm/gems/ruby-2.1.0/specifications/commonjs-0.2.7.gemspec
I, [2014-08-09T15:52:17.996854 #20286]  INFO -- : 0:  sass (3.2.19) from /Users/okura/.rvm/gems/ruby-2.1.0/specifications/sass-3.2.19.gemspec
I, [2014-08-09T15:52:17.997484 #20286]  INFO -- : 0:  hike (1.2.3) from /Users/okura/.rvm/gems/ruby-2.1.0/specifications/hike-1.2.3.gemspec
I, [2014-08-09T15:52:17.998031 #20286]  INFO -- : 0:  multi_json (1.10.1) from /Users/okura/.rvm/gems/ruby-2.1.0/specifications/multi_json-1.10.1.gemspec
I, [2014-08-09T15:52:17.998548 #20286]  INFO -- : 0:  tilt (1.4.1) from /Users/okura/.rvm/gems/ruby-2.1.0/specifications/tilt-1.4.1.gemspec
I, [2014-08-09T15:52:17.999079 #20286]  INFO -- : 0:  sprockets (2.11.0) from /Users/okura/.rvm/gems/ruby-2.1.0/specifications/sprockets-2.11.0.gemspec
I, [2014-08-09T15:52:17.999620 #20286]  INFO -- : 0:  sprockets-rails (2.1.3) from /Users/okura/.rvm/gems/ruby-2.1.0/specifications/sprockets-rails-2.1.3.gemspec
I, [2014-08-09T15:52:18.000143 #20286]  INFO -- : 0:  sass-rails (4.0.3) from /Users/okura/.rvm/gems/ruby-2.1.0/specifications/sass-rails-4.0.3.gemspec
I, [2014-08-09T15:52:18.000701 #20286]  INFO -- : 0:  font-awesome-sass-rails (3.0.2.2) from /Users/okura/.rvm/gems/ruby-2.1.0/specifications/font-awesome-sass-rails-3.0.2.2.gemspec
I, [2014-08-09T15:52:18.001284 #20286]  INFO -- : 0:  jbuilder (1.5.3) from /Users/okura/.rvm/gems/ruby-2.1.0/specifications/jbuilder-1.5.3.gemspec
I, [2014-08-09T15:52:18.001813 #20286]  INFO -- : 0:  jquery-rails (3.1.1) from /Users/okura/.rvm/gems/ruby-2.1.0/specifications/jquery-rails-3.1.1.gemspec
I, [2014-08-09T15:52:18.002339 #20286]  INFO -- : 0:  jquery-ui-rails (5.0.0) from /Users/okura/.rvm/gems/ruby-2.1.0/specifications/jquery-ui-rails-5.0.0.gemspec
I, [2014-08-09T15:52:18.002854 #20286]  INFO -- : 0:  less (2.5.1) from /Users/okura/.rvm/gems/ruby-2.1.0/specifications/less-2.5.1.gemspec
I, [2014-08-09T15:52:18.003376 #20286]  INFO -- : 0:  less-rails (2.5.0) from /Users/okura/.rvm/gems/ruby-2.1.0/specifications/less-rails-2.5.0.gemspec
I, [2014-08-09T15:52:18.007944 #20286]  INFO -- : 0:  libv8 (3.16.14.3) from /Users/okura/.rvm/gems/ruby-2.1.0/specifications/libv8-3.16.14.3-x86_64-darwin-12.gemspec
I, [2014-08-09T15:52:18.009411 #20286]  INFO -- : 0:  rails (4.1.0) from /Users/okura/.rvm/gems/ruby-2.1.0/specifications/rails-4.1.0.gemspec
I, [2014-08-09T15:52:18.010017 #20286]  INFO -- : 0:  rdoc (4.1.1) from /Users/okura/.rvm/gems/ruby-2.1.0/specifications/rdoc-4.1.1.gemspec
I, [2014-08-09T15:52:18.010633 #20286]  INFO -- : 0:  ref (1.0.5) from /Users/okura/.rvm/gems/ruby-2.1.0/specifications/ref-1.0.5.gemspec
I, [2014-08-09T15:52:18.011205 #20286]  INFO -- : 0:  sdoc (0.4.0) from /Users/okura/.rvm/gems/ruby-2.1.0/specifications/sdoc-0.4.0.gemspec
I, [2014-08-09T15:52:18.011811 #20286]  INFO -- : 0:  temple (0.6.8) from /Users/okura/.rvm/gems/ruby-2.1.0/specifications/temple-0.6.8.gemspec
I, [2014-08-09T15:52:18.012354 #20286]  INFO -- : 0:  slim (2.0.3) from /Users/okura/.rvm/gems/ruby-2.1.0/specifications/slim-2.0.3.gemspec
I, [2014-08-09T15:52:18.013002 #20286]  INFO -- : 0:  slim-rails (2.1.5) from /Users/okura/.rvm/gems/ruby-2.1.0/specifications/slim-rails-2.1.5.gemspec
I, [2014-08-09T15:52:18.013578 #20286]  INFO -- : 0:  therubyracer (0.12.1) from /Users/okura/.rvm/gems/ruby-2.1.0/specifications/therubyracer-0.12.1.gemspec
I, [2014-08-09T15:52:18.014158 #20286]  INFO -- : 0:  turbolinks (2.2.2) from /Users/okura/.rvm/gems/ruby-2.1.0/specifications/turbolinks-2.2.2.gemspec
I, [2014-08-09T15:52:18.014731 #20286]  INFO -- : 0:  twitter-bootswatch-rails (3.2.0.0) from /Users/okura/.rvm/gems/ruby-2.1.0/specifications/twitter-bootswatch-rails-3.2.0.0.gemspec
I, [2014-08-09T15:52:18.015350 #20286]  INFO -- : 0:  twitter-bootswatch-rails-helpers (3.2.0.0) from /Users/okura/.rvm/gems/ruby-2.1.0/specifications/twitter-bootswatch-rails-helpers-3.2.0.0.gemspec
I, [2014-08-09T15:52:18.015951 #20286]  INFO -- : 0:  uglifier (2.5.3) from /Users/okura/.rvm/gems/ruby-2.1.0/specifications/uglifier-2.5.3.gemspec
I, [2014-08-09T16:36:48.637428 #20731]  INFO -- : 0:  rake (10.3.2) from /Users/okura/.rvm/gems/ruby-2.1.0/specifications/rake-10.3.2.gemspec
I, [2014-08-09T16:36:48.639946 #20731]  INFO -- : 0:  i18n (0.6.11) from /Users/okura/.rvm/gems/ruby-2.1.0/specifications/i18n-0.6.11.gemspec
I, [2014-08-09T16:36:48.640668 #20731]  INFO -- : 0:  json (1.8.1) from /Users/okura/.rvm/rubies/ruby-2.1.0/lib/ruby/gems/2.1.0/specifications/default/json-1.8.1.gemspec
I, [2014-08-09T16:36:48.641279 #20731]  INFO -- : 0:  minitest (5.4.0) from /Users/okura/.rvm/gems/ruby-2.1.0/specifications/minitest-5.4.0.gemspec
I, [2014-08-09T16:36:48.641952 #20731]  INFO -- : 0:  thread_safe (0.3.4) from /Users/okura/.rvm/gems/ruby-2.1.0/specifications/thread_safe-0.3.4.gemspec
I, [2014-08-09T16:36:48.642512 #20731]  INFO -- : 0:  tzinfo (1.2.2) from /Users/okura/.rvm/gems/ruby-2.1.0/specifications/tzinfo-1.2.2.gemspec
I, [2014-08-09T16:36:48.643069 #20731]  INFO -- : 0:  activesupport (4.1.0) from /Users/okura/.rvm/gems/ruby-2.1.0/specifications/activesupport-4.1.0.gemspec
I, [2014-08-09T16:36:48.643616 #20731]  INFO -- : 0:  builder (3.2.2) from /Users/okura/.rvm/gems/ruby-2.1.0/specifications/builder-3.2.2.gemspec
I, [2014-08-09T16:36:48.644259 #20731]  INFO -- : 0:  erubis (2.7.0) from /Users/okura/.rvm/gems/ruby-2.1.0/specifications/erubis-2.7.0.gemspec
I, [2014-08-09T16:36:48.644976 #20731]  INFO -- : 0:  actionview (4.1.0) from /Users/okura/.rvm/gems/ruby-2.1.0/specifications/actionview-4.1.0.gemspec
I, [2014-08-09T16:36:48.645517 #20731]  INFO -- : 0:  rack (1.5.2) from /Users/okura/.rvm/gems/ruby-2.1.0/specifications/rack-1.5.2.gemspec
I, [2014-08-09T16:36:48.646041 #20731]  INFO -- : 0:  rack-test (0.6.2) from /Users/okura/.rvm/gems/ruby-2.1.0/specifications/rack-test-0.6.2.gemspec
I, [2014-08-09T16:36:48.646608 #20731]  INFO -- : 0:  actionpack (4.1.0) from /Users/okura/.rvm/gems/ruby-2.1.0/specifications/actionpack-4.1.0.gemspec
I, [2014-08-09T16:36:48.647396 #20731]  INFO -- : 0:  mime-types (1.25.1) from /Users/okura/.rvm/gems/ruby-2.1.0/specifications/mime-types-1.25.1.gemspec
I, [2014-08-09T16:36:48.648068 #20731]  INFO -- : 0:  polyglot (0.3.5) from /Users/okura/.rvm/gems/ruby-2.1.0/specifications/polyglot-0.3.5.gemspec
I, [2014-08-09T16:36:48.648618 #20731]  INFO -- : 0:  treetop (1.4.15) from /Users/okura/.rvm/gems/ruby-2.1.0/specifications/treetop-1.4.15.gemspec
I, [2014-08-09T16:36:48.649164 #20731]  INFO -- : 0:  mail (2.5.4) from /Users/okura/.rvm/gems/ruby-2.1.0/specifications/mail-2.5.4.gemspec
I, [2014-08-09T16:36:48.649778 #20731]  INFO -- : 0:  actionmailer (4.1.0) from /Users/okura/.rvm/gems/ruby-2.1.0/specifications/actionmailer-4.1.0.gemspec
I, [2014-08-09T16:36:48.650920 #20731]  INFO -- : 0:  activemodel (4.1.0) from /Users/okura/.rvm/gems/ruby-2.1.0/specifications/activemodel-4.1.0.gemspec
I, [2014-08-09T16:36:48.651520 #20731]  INFO -- : 0:  arel (5.0.1.20140414130214) from /Users/okura/.rvm/gems/ruby-2.1.0/specifications/arel-5.0.1.20140414130214.gemspec
I, [2014-08-09T16:36:48.652130 #20731]  INFO -- : 0:  activerecord (4.1.0) from /Users/okura/.rvm/gems/ruby-2.1.0/specifications/activerecord-4.1.0.gemspec
I, [2014-08-09T16:36:48.652687 #20731]  INFO -- : 0:  bson (2.3.0) from /Users/okura/.rvm/gems/ruby-2.1.0/specifications/bson-2.3.0.gemspec
I, [2014-08-09T16:36:48.653236 #20731]  INFO -- : 0:  bundler (1.5.1) from /Users/okura/.rvm/gems/ruby-2.1.0@global/specifications/bundler-1.5.1.gemspec
I, [2014-08-09T16:36:48.653758 #20731]  INFO -- : 0:  carrierwave (0.10.0) from /Users/okura/.rvm/gems/ruby-2.1.0/specifications/carrierwave-0.10.0.gemspec
I, [2014-08-09T16:36:48.654331 #20731]  INFO -- : 0:  connection_pool (2.0.0) from /Users/okura/.rvm/gems/ruby-2.1.0/specifications/connection_pool-2.0.0.gemspec
I, [2014-08-09T16:36:48.654919 #20731]  INFO -- : 0:  optionable (0.2.0) from /Users/okura/.rvm/gems/ruby-2.1.0/specifications/optionable-0.2.0.gemspec
I, [2014-08-09T16:36:48.655491 #20731]  INFO -- : 0:  moped (2.0.0) from /Users/okura/.rvm/gems/ruby-2.1.0/specifications/moped-2.0.0.gemspec
I, [2014-08-09T16:36:48.656047 #20731]  INFO -- : 0:  origin (2.1.1) from /Users/okura/.rvm/gems/ruby-2.1.0/specifications/origin-2.1.1.gemspec
I, [2014-08-09T16:36:51.043151 #20731]  INFO -- : 0:  mongoid (4.0.0) from /Users/okura/.rvm/gems/ruby-2.1.0/bundler/gems/mongoid-8cb17e983997/mongoid.gemspec
I, [2014-08-09T16:36:51.043963 #20731]  INFO -- : 0:  mongoid-grid_fs (2.1.0) from /Users/okura/.rvm/gems/ruby-2.1.0/specifications/mongoid-grid_fs-2.1.0.gemspec
I, [2014-08-09T16:36:51.044508 #20731]  INFO -- : 0:  carrierwave-mongoid (0.7.1) from /Users/okura/.rvm/gems/ruby-2.1.0/specifications/carrierwave-mongoid-0.7.1.gemspec
I, [2014-08-09T16:36:51.045054 #20731]  INFO -- : 0:  coffee-script-source (1.7.1) from /Users/okura/.rvm/gems/ruby-2.1.0/specifications/coffee-script-source-1.7.1.gemspec
I, [2014-08-09T16:36:51.045554 #20731]  INFO -- : 0:  execjs (2.2.1) from /Users/okura/.rvm/gems/ruby-2.1.0/specifications/execjs-2.2.1.gemspec
I, [2014-08-09T16:36:51.046088 #20731]  INFO -- : 0:  coffee-script (2.3.0) from /Users/okura/.rvm/gems/ruby-2.1.0/specifications/coffee-script-2.3.0.gemspec
I, [2014-08-09T16:36:51.046609 #20731]  INFO -- : 0:  thor (0.19.1) from /Users/okura/.rvm/gems/ruby-2.1.0/specifications/thor-0.19.1.gemspec
I, [2014-08-09T16:36:51.047142 #20731]  INFO -- : 0:  railties (4.1.0) from /Users/okura/.rvm/gems/ruby-2.1.0/specifications/railties-4.1.0.gemspec
I, [2014-08-09T16:36:51.048433 #20731]  INFO -- : 0:  coffee-rails (4.0.1) from /Users/okura/.rvm/gems/ruby-2.1.0/specifications/coffee-rails-4.0.1.gemspec
I, [2014-08-09T16:36:51.049228 #20731]  INFO -- : 0:  commonjs (0.2.7) from /Users/okura/.rvm/gems/ruby-2.1.0/specifications/commonjs-0.2.7.gemspec
I, [2014-08-09T16:36:51.049805 #20731]  INFO -- : 0:  sass (3.2.19) from /Users/okura/.rvm/gems/ruby-2.1.0/specifications/sass-3.2.19.gemspec
I, [2014-08-09T16:36:51.050338 #20731]  INFO -- : 0:  hike (1.2.3) from /Users/okura/.rvm/gems/ruby-2.1.0/specifications/hike-1.2.3.gemspec
I, [2014-08-09T16:36:51.050868 #20731]  INFO -- : 0:  multi_json (1.10.1) from /Users/okura/.rvm/gems/ruby-2.1.0/specifications/multi_json-1.10.1.gemspec
I, [2014-08-09T16:36:51.051379 #20731]  INFO -- : 0:  tilt (1.4.1) from /Users/okura/.rvm/gems/ruby-2.1.0/specifications/tilt-1.4.1.gemspec
I, [2014-08-09T16:36:51.051931 #20731]  INFO -- : 0:  sprockets (2.11.0) from /Users/okura/.rvm/gems/ruby-2.1.0/specifications/sprockets-2.11.0.gemspec
I, [2014-08-09T16:36:51.052467 #20731]  INFO -- : 0:  sprockets-rails (2.1.3) from /Users/okura/.rvm/gems/ruby-2.1.0/specifications/sprockets-rails-2.1.3.gemspec
I, [2014-08-09T16:36:51.053005 #20731]  INFO -- : 0:  sass-rails (4.0.3) from /Users/okura/.rvm/gems/ruby-2.1.0/specifications/sass-rails-4.0.3.gemspec
I, [2014-08-09T16:36:51.053529 #20731]  INFO -- : 0:  font-awesome-sass-rails (3.0.2.2) from /Users/okura/.rvm/gems/ruby-2.1.0/specifications/font-awesome-sass-rails-3.0.2.2.gemspec
I, [2014-08-09T16:36:51.054066 #20731]  INFO -- : 0:  jbuilder (1.5.3) from /Users/okura/.rvm/gems/ruby-2.1.0/specifications/jbuilder-1.5.3.gemspec
I, [2014-08-09T16:36:51.054595 #20731]  INFO -- : 0:  jquery-rails (3.1.1) from /Users/okura/.rvm/gems/ruby-2.1.0/specifications/jquery-rails-3.1.1.gemspec
I, [2014-08-09T16:36:51.055200 #20731]  INFO -- : 0:  jquery-ui-rails (5.0.0) from /Users/okura/.rvm/gems/ruby-2.1.0/specifications/jquery-ui-rails-5.0.0.gemspec
I, [2014-08-09T16:36:51.055790 #20731]  INFO -- : 0:  less (2.5.1) from /Users/okura/.rvm/gems/ruby-2.1.0/specifications/less-2.5.1.gemspec
I, [2014-08-09T16:36:51.056333 #20731]  INFO -- : 0:  less-rails (2.5.0) from /Users/okura/.rvm/gems/ruby-2.1.0/specifications/less-rails-2.5.0.gemspec
I, [2014-08-09T16:36:51.056935 #20731]  INFO -- : 0:  libv8 (3.16.14.3) from /Users/okura/.rvm/gems/ruby-2.1.0/specifications/libv8-3.16.14.3-x86_64-darwin-12.gemspec
I, [2014-08-09T16:36:51.057528 #20731]  INFO -- : 0:  rails (4.1.0) from /Users/okura/.rvm/gems/ruby-2.1.0/specifications/rails-4.1.0.gemspec
I, [2014-08-09T16:36:51.058064 #20731]  INFO -- : 0:  rdoc (4.1.1) from /Users/okura/.rvm/gems/ruby-2.1.0/specifications/rdoc-4.1.1.gemspec
I, [2014-08-09T16:36:51.058587 #20731]  INFO -- : 0:  ref (1.0.5) from /Users/okura/.rvm/gems/ruby-2.1.0/specifications/ref-1.0.5.gemspec
I, [2014-08-09T16:36:51.059130 #20731]  INFO -- : 0:  sdoc (0.4.0) from /Users/okura/.rvm/gems/ruby-2.1.0/specifications/sdoc-0.4.0.gemspec
I, [2014-08-09T16:36:51.059666 #20731]  INFO -- : 0:  temple (0.6.8) from /Users/okura/.rvm/gems/ruby-2.1.0/specifications/temple-0.6.8.gemspec
I, [2014-08-09T16:36:51.060194 #20731]  INFO -- : 0:  slim (2.0.3) from /Users/okura/.rvm/gems/ruby-2.1.0/specifications/slim-2.0.3.gemspec
I, [2014-08-09T16:36:51.060763 #20731]  INFO -- : 0:  slim-rails (2.1.5) from /Users/okura/.rvm/gems/ruby-2.1.0/specifications/slim-rails-2.1.5.gemspec
I, [2014-08-09T16:36:51.061300 #20731]  INFO -- : 0:  therubyracer (0.12.1) from /Users/okura/.rvm/gems/ruby-2.1.0/specifications/therubyracer-0.12.1.gemspec
I, [2014-08-09T16:36:51.061838 #20731]  INFO -- : 0:  turbolinks (2.2.2) from /Users/okura/.rvm/gems/ruby-2.1.0/specifications/turbolinks-2.2.2.gemspec
I, [2014-08-09T16:36:51.646077 #20731]  INFO -- : 0:  twitter-bootstrap-rails (2.2.8) from /Users/okura/.rvm/gems/ruby-2.1.0/bundler/gems/twitter-bootstrap-rails-38476dbd7f9a/twitter-bootstrap-rails.gemspec
I, [2014-08-09T16:36:51.647072 #20731]  INFO -- : 0:  twitter-bootswatch-rails (3.2.0.0) from /Users/okura/.rvm/gems/ruby-2.1.0/specifications/twitter-bootswatch-rails-3.2.0.0.gemspec
I, [2014-08-09T16:36:51.647666 #20731]  INFO -- : 0:  twitter-bootswatch-rails-helpers (3.2.0.0) from /Users/okura/.rvm/gems/ruby-2.1.0/specifications/twitter-bootswatch-rails-helpers-3.2.0.0.gemspec
I, [2014-08-09T16:36:51.648278 #20731]  INFO -- : 0:  uglifier (2.5.3) from /Users/okura/.rvm/gems/ruby-2.1.0/specifications/uglifier-2.5.3.gemspec
I, [2014-08-10T14:26:13.302136 #21426]  INFO -- : 0:  rake (10.3.2) from /Users/okura/.rvm/gems/ruby-2.1.0/specifications/rake-10.3.2.gemspec
I, [2014-08-10T14:26:13.318940 #21426]  INFO -- : 0:  i18n (0.6.11) from /Users/okura/.rvm/gems/ruby-2.1.0/specifications/i18n-0.6.11.gemspec
I, [2014-08-10T14:26:13.319550 #21426]  INFO -- : 0:  json (1.8.1) from /Users/okura/.rvm/rubies/ruby-2.1.0/lib/ruby/gems/2.1.0/specifications/default/json-1.8.1.gemspec
I, [2014-08-10T14:26:13.320091 #21426]  INFO -- : 0:  minitest (5.4.0) from /Users/okura/.rvm/gems/ruby-2.1.0/specifications/minitest-5.4.0.gemspec
I, [2014-08-10T14:26:13.320695 #21426]  INFO -- : 0:  thread_safe (0.3.4) from /Users/okura/.rvm/gems/ruby-2.1.0/specifications/thread_safe-0.3.4.gemspec
I, [2014-08-10T14:26:13.321285 #21426]  INFO -- : 0:  tzinfo (1.2.2) from /Users/okura/.rvm/gems/ruby-2.1.0/specifications/tzinfo-1.2.2.gemspec
I, [2014-08-10T14:26:13.322026 #21426]  INFO -- : 0:  activesupport (4.1.0) from /Users/okura/.rvm/gems/ruby-2.1.0/specifications/activesupport-4.1.0.gemspec
I, [2014-08-10T14:26:13.322668 #21426]  INFO -- : 0:  builder (3.2.2) from /Users/okura/.rvm/gems/ruby-2.1.0/specifications/builder-3.2.2.gemspec
I, [2014-08-10T14:26:13.323279 #21426]  INFO -- : 0:  erubis (2.7.0) from /Users/okura/.rvm/gems/ruby-2.1.0/specifications/erubis-2.7.0.gemspec
I, [2014-08-10T14:26:13.323865 #21426]  INFO -- : 0:  actionview (4.1.0) from /Users/okura/.rvm/gems/ruby-2.1.0/specifications/actionview-4.1.0.gemspec
I, [2014-08-10T14:26:13.324438 #21426]  INFO -- : 0:  rack (1.5.2) from /Users/okura/.rvm/gems/ruby-2.1.0/specifications/rack-1.5.2.gemspec
I, [2014-08-10T14:26:13.324987 #21426]  INFO -- : 0:  rack-test (0.6.2) from /Users/okura/.rvm/gems/ruby-2.1.0/specifications/rack-test-0.6.2.gemspec
I, [2014-08-10T14:26:13.325545 #21426]  INFO -- : 0:  actionpack (4.1.0) from /Users/okura/.rvm/gems/ruby-2.1.0/specifications/actionpack-4.1.0.gemspec
I, [2014-08-10T14:26:13.326111 #21426]  INFO -- : 0:  mime-types (1.25.1) from /Users/okura/.rvm/gems/ruby-2.1.0/specifications/mime-types-1.25.1.gemspec
I, [2014-08-10T14:26:13.326717 #21426]  INFO -- : 0:  polyglot (0.3.5) from /Users/okura/.rvm/gems/ruby-2.1.0/specifications/polyglot-0.3.5.gemspec
I, [2014-08-10T14:26:13.327344 #21426]  INFO -- : 0:  treetop (1.4.15) from /Users/okura/.rvm/gems/ruby-2.1.0/specifications/treetop-1.4.15.gemspec
I, [2014-08-10T14:26:13.327992 #21426]  INFO -- : 0:  mail (2.5.4) from /Users/okura/.rvm/gems/ruby-2.1.0/specifications/mail-2.5.4.gemspec
I, [2014-08-10T14:26:13.383876 #21426]  INFO -- : 0:  actionmailer (4.1.0) from /Users/okura/.rvm/gems/ruby-2.1.0/specifications/actionmailer-4.1.0.gemspec
I, [2014-08-10T14:26:13.459521 #21426]  INFO -- : 0:  activemodel (4.1.0) from /Users/okura/.rvm/gems/ruby-2.1.0/specifications/activemodel-4.1.0.gemspec
I, [2014-08-10T14:26:13.491000 #21426]  INFO -- : 0:  arel (5.0.1.20140414130214) from /Users/okura/.rvm/gems/ruby-2.1.0/specifications/arel-5.0.1.20140414130214.gemspec
I, [2014-08-10T14:26:13.494130 #21426]  INFO -- : 0:  activerecord (4.1.0) from /Users/okura/.rvm/gems/ruby-2.1.0/specifications/activerecord-4.1.0.gemspec
I, [2014-08-10T14:26:13.517348 #21426]  INFO -- : 0:  bson (2.3.0) from /Users/okura/.rvm/gems/ruby-2.1.0/specifications/bson-2.3.0.gemspec
I, [2014-08-10T14:26:13.518032 #21426]  INFO -- : 0:  bundler (1.5.1) from /Users/okura/.rvm/gems/ruby-2.1.0@global/specifications/bundler-1.5.1.gemspec
I, [2014-08-10T14:26:13.518682 #21426]  INFO -- : 0:  carrierwave (0.10.0) from /Users/okura/.rvm/gems/ruby-2.1.0/specifications/carrierwave-0.10.0.gemspec
I, [2014-08-10T14:26:13.519290 #21426]  INFO -- : 0:  connection_pool (2.0.0) from /Users/okura/.rvm/gems/ruby-2.1.0/specifications/connection_pool-2.0.0.gemspec
I, [2014-08-10T14:26:13.520021 #21426]  INFO -- : 0:  optionable (0.2.0) from /Users/okura/.rvm/gems/ruby-2.1.0/specifications/optionable-0.2.0.gemspec
I, [2014-08-10T14:26:13.520932 #21426]  INFO -- : 0:  moped (2.0.0) from /Users/okura/.rvm/gems/ruby-2.1.0/specifications/moped-2.0.0.gemspec
I, [2014-08-10T14:26:13.521564 #21426]  INFO -- : 0:  origin (2.1.1) from /Users/okura/.rvm/gems/ruby-2.1.0/specifications/origin-2.1.1.gemspec
I, [2014-08-10T14:26:19.019440 #21426]  INFO -- : 0:  mongoid (4.0.0) from /Users/okura/.rvm/gems/ruby-2.1.0/bundler/gems/mongoid-8cb17e983997/mongoid.gemspec
I, [2014-08-10T14:26:19.020376 #21426]  INFO -- : 0:  mongoid-grid_fs (2.1.0) from /Users/okura/.rvm/gems/ruby-2.1.0/specifications/mongoid-grid_fs-2.1.0.gemspec
I, [2014-08-10T14:26:19.020998 #21426]  INFO -- : 0:  carrierwave-mongoid (0.7.1) from /Users/okura/.rvm/gems/ruby-2.1.0/specifications/carrierwave-mongoid-0.7.1.gemspec
I, [2014-08-10T14:26:19.021563 #21426]  INFO -- : 0:  coffee-script-source (1.7.1) from /Users/okura/.rvm/gems/ruby-2.1.0/specifications/coffee-script-source-1.7.1.gemspec
I, [2014-08-10T14:26:19.022737 #21426]  INFO -- : 0:  execjs (2.2.1) from /Users/okura/.rvm/gems/ruby-2.1.0/specifications/execjs-2.2.1.gemspec
I, [2014-08-10T14:26:19.023389 #21426]  INFO -- : 0:  coffee-script (2.3.0) from /Users/okura/.rvm/gems/ruby-2.1.0/specifications/coffee-script-2.3.0.gemspec
I, [2014-08-10T14:26:19.023942 #21426]  INFO -- : 0:  thor (0.19.1) from /Users/okura/.rvm/gems/ruby-2.1.0/specifications/thor-0.19.1.gemspec
I, [2014-08-10T14:26:19.024505 #21426]  INFO -- : 0:  railties (4.1.0) from /Users/okura/.rvm/gems/ruby-2.1.0/specifications/railties-4.1.0.gemspec
I, [2014-08-10T14:26:19.025108 #21426]  INFO -- : 0:  coffee-rails (4.0.1) from /Users/okura/.rvm/gems/ruby-2.1.0/specifications/coffee-rails-4.0.1.gemspec
I, [2014-08-10T14:26:19.025647 #21426]  INFO -- : 0:  commonjs (0.2.7) from /Users/okura/.rvm/gems/ruby-2.1.0/specifications/commonjs-0.2.7.gemspec
I, [2014-08-10T14:26:19.027761 #21426]  INFO -- : 0:  sass (3.2.19) from /Users/okura/.rvm/gems/ruby-2.1.0/specifications/sass-3.2.19.gemspec
I, [2014-08-10T14:26:19.028743 #21426]  INFO -- : 0:  hike (1.2.3) from /Users/okura/.rvm/gems/ruby-2.1.0/specifications/hike-1.2.3.gemspec
I, [2014-08-10T14:26:19.029606 #21426]  INFO -- : 0:  multi_json (1.10.1) from /Users/okura/.rvm/gems/ruby-2.1.0/specifications/multi_json-1.10.1.gemspec
I, [2014-08-10T14:26:19.030247 #21426]  INFO -- : 0:  tilt (1.4.1) from /Users/okura/.rvm/gems/ruby-2.1.0/specifications/tilt-1.4.1.gemspec
I, [2014-08-10T14:26:19.030833 #21426]  INFO -- : 0:  sprockets (2.11.0) from /Users/okura/.rvm/gems/ruby-2.1.0/specifications/sprockets-2.11.0.gemspec
I, [2014-08-10T14:26:19.031405 #21426]  INFO -- : 0:  sprockets-rails (2.1.3) from /Users/okura/.rvm/gems/ruby-2.1.0/specifications/sprockets-rails-2.1.3.gemspec
I, [2014-08-10T14:26:19.031970 #21426]  INFO -- : 0:  sass-rails (4.0.3) from /Users/okura/.rvm/gems/ruby-2.1.0/specifications/sass-rails-4.0.3.gemspec
I, [2014-08-10T14:26:19.032739 #21426]  INFO -- : 0:  font-awesome-sass-rails (3.0.2.2) from /Users/okura/.rvm/gems/ruby-2.1.0/specifications/font-awesome-sass-rails-3.0.2.2.gemspec
I, [2014-08-10T14:26:19.033687 #21426]  INFO -- : 0:  jbuilder (1.5.3) from /Users/okura/.rvm/gems/ruby-2.1.0/specifications/jbuilder-1.5.3.gemspec
I, [2014-08-10T14:26:19.034855 #21426]  INFO -- : 0:  jquery-rails (3.1.1) from /Users/okura/.rvm/gems/ruby-2.1.0/specifications/jquery-rails-3.1.1.gemspec
I, [2014-08-10T14:26:19.035631 #21426]  INFO -- : 0:  jquery-ui-rails (5.0.0) from /Users/okura/.rvm/gems/ruby-2.1.0/specifications/jquery-ui-rails-5.0.0.gemspec
I, [2014-08-10T14:26:19.036206 #21426]  INFO -- : 0:  kaminari (0.15.0) from /Users/okura/.rvm/gems/ruby-2.1.0/specifications/kaminari-0.15.0.gemspec
I, [2014-08-10T14:26:19.037263 #21426]  INFO -- : 0:  less (2.5.1) from /Users/okura/.rvm/gems/ruby-2.1.0/specifications/less-2.5.1.gemspec
I, [2014-08-10T14:26:19.037912 #21426]  INFO -- : 0:  less-rails (2.5.0) from /Users/okura/.rvm/gems/ruby-2.1.0/specifications/less-rails-2.5.0.gemspec
I, [2014-08-10T14:26:19.038725 #21426]  INFO -- : 0:  libv8 (3.16.14.3) from /Users/okura/.rvm/gems/ruby-2.1.0/specifications/libv8-3.16.14.3-x86_64-darwin-12.gemspec
I, [2014-08-10T14:26:19.039328 #21426]  INFO -- : 0:  rails (4.1.0) from /Users/okura/.rvm/gems/ruby-2.1.0/specifications/rails-4.1.0.gemspec
I, [2014-08-10T14:26:19.039881 #21426]  INFO -- : 0:  rdoc (4.1.1) from /Users/okura/.rvm/gems/ruby-2.1.0/specifications/rdoc-4.1.1.gemspec
I, [2014-08-10T14:26:19.040500 #21426]  INFO -- : 0:  ref (1.0.5) from /Users/okura/.rvm/gems/ruby-2.1.0/specifications/ref-1.0.5.gemspec
I, [2014-08-10T14:26:19.041120 #21426]  INFO -- : 0:  sdoc (0.4.0) from /Users/okura/.rvm/gems/ruby-2.1.0/specifications/sdoc-0.4.0.gemspec
I, [2014-08-10T14:26:19.041684 #21426]  INFO -- : 0:  temple (0.6.8) from /Users/okura/.rvm/gems/ruby-2.1.0/specifications/temple-0.6.8.gemspec
I, [2014-08-10T14:26:19.042280 #21426]  INFO -- : 0:  slim (2.0.3) from /Users/okura/.rvm/gems/ruby-2.1.0/specifications/slim-2.0.3.gemspec
I, [2014-08-10T14:26:19.043432 #21426]  INFO -- : 0:  slim-rails (2.1.5) from /Users/okura/.rvm/gems/ruby-2.1.0/specifications/slim-rails-2.1.5.gemspec
I, [2014-08-10T14:26:19.044051 #21426]  INFO -- : 0:  therubyracer (0.12.1) from /Users/okura/.rvm/gems/ruby-2.1.0/specifications/therubyracer-0.12.1.gemspec
I, [2014-08-10T14:26:19.045462 #21426]  INFO -- : 0:  turbolinks (2.2.2) from /Users/okura/.rvm/gems/ruby-2.1.0/specifications/turbolinks-2.2.2.gemspec
I, [2014-08-10T14:26:19.924303 #21426]  INFO -- : 0:  twitter-bootstrap-rails (2.2.8) from /Users/okura/.rvm/gems/ruby-2.1.0/bundler/gems/twitter-bootstrap-rails-38476dbd7f9a/twitter-bootstrap-rails.gemspec
I, [2014-08-10T14:26:19.925987 #21426]  INFO -- : 0:  twitter-bootswatch-rails (3.2.0.0) from /Users/okura/.rvm/gems/ruby-2.1.0/specifications/twitter-bootswatch-rails-3.2.0.0.gemspec
I, [2014-08-10T14:26:19.926791 #21426]  INFO -- : 0:  twitter-bootswatch-rails-helpers (3.2.0.0) from /Users/okura/.rvm/gems/ruby-2.1.0/specifications/twitter-bootswatch-rails-helpers-3.2.0.0.gemspec
I, [2014-08-10T14:26:19.929979 #21426]  INFO -- : 0:  uglifier (2.5.3) from /Users/okura/.rvm/gems/ruby-2.1.0/specifications/uglifier-2.5.3.gemspec
I, [2014-08-10T15:07:19.123868 #21730]  INFO -- : 0:  rake (10.3.2) from /Users/okura/.rvm/gems/ruby-2.1.0/specifications/rake-10.3.2.gemspec
I, [2014-08-10T15:07:19.126998 #21730]  INFO -- : 0:  i18n (0.6.11) from /Users/okura/.rvm/gems/ruby-2.1.0/specifications/i18n-0.6.11.gemspec
I, [2014-08-10T15:07:19.127628 #21730]  INFO -- : 0:  json (1.8.1) from /Users/okura/.rvm/rubies/ruby-2.1.0/lib/ruby/gems/2.1.0/specifications/default/json-1.8.1.gemspec
I, [2014-08-10T15:07:19.128153 #21730]  INFO -- : 0:  minitest (5.4.0) from /Users/okura/.rvm/gems/ruby-2.1.0/specifications/minitest-5.4.0.gemspec
I, [2014-08-10T15:07:19.128716 #21730]  INFO -- : 0:  thread_safe (0.3.4) from /Users/okura/.rvm/gems/ruby-2.1.0/specifications/thread_safe-0.3.4.gemspec
I, [2014-08-10T15:07:19.129328 #21730]  INFO -- : 0:  tzinfo (1.2.2) from /Users/okura/.rvm/gems/ruby-2.1.0/specifications/tzinfo-1.2.2.gemspec
I, [2014-08-10T15:07:19.129934 #21730]  INFO -- : 0:  activesupport (4.1.0) from /Users/okura/.rvm/gems/ruby-2.1.0/specifications/activesupport-4.1.0.gemspec
I, [2014-08-10T15:07:19.130696 #21730]  INFO -- : 0:  builder (3.2.2) from /Users/okura/.rvm/gems/ruby-2.1.0/specifications/builder-3.2.2.gemspec
I, [2014-08-10T15:07:19.131275 #21730]  INFO -- : 0:  erubis (2.7.0) from /Users/okura/.rvm/gems/ruby-2.1.0/specifications/erubis-2.7.0.gemspec
I, [2014-08-10T15:07:19.131888 #21730]  INFO -- : 0:  actionview (4.1.0) from /Users/okura/.rvm/gems/ruby-2.1.0/specifications/actionview-4.1.0.gemspec
I, [2014-08-10T15:07:19.132402 #21730]  INFO -- : 0:  rack (1.5.2) from /Users/okura/.rvm/gems/ruby-2.1.0/specifications/rack-1.5.2.gemspec
I, [2014-08-10T15:07:19.132929 #21730]  INFO -- : 0:  rack-test (0.6.2) from /Users/okura/.rvm/gems/ruby-2.1.0/specifications/rack-test-0.6.2.gemspec
I, [2014-08-10T15:07:19.133484 #21730]  INFO -- : 0:  actionpack (4.1.0) from /Users/okura/.rvm/gems/ruby-2.1.0/specifications/actionpack-4.1.0.gemspec
I, [2014-08-10T15:07:19.134014 #21730]  INFO -- : 0:  mime-types (1.25.1) from /Users/okura/.rvm/gems/ruby-2.1.0/specifications/mime-types-1.25.1.gemspec
I, [2014-08-10T15:07:19.134565 #21730]  INFO -- : 0:  polyglot (0.3.5) from /Users/okura/.rvm/gems/ruby-2.1.0/specifications/polyglot-0.3.5.gemspec
I, [2014-08-10T15:07:19.135569 #21730]  INFO -- : 0:  treetop (1.4.15) from /Users/okura/.rvm/gems/ruby-2.1.0/specifications/treetop-1.4.15.gemspec
I, [2014-08-10T15:07:19.136221 #21730]  INFO -- : 0:  mail (2.5.4) from /Users/okura/.rvm/gems/ruby-2.1.0/specifications/mail-2.5.4.gemspec
I, [2014-08-10T15:07:19.136767 #21730]  INFO -- : 0:  actionmailer (4.1.0) from /Users/okura/.rvm/gems/ruby-2.1.0/specifications/actionmailer-4.1.0.gemspec
I, [2014-08-10T15:07:19.137615 #21730]  INFO -- : 0:  activemodel (4.1.0) from /Users/okura/.rvm/gems/ruby-2.1.0/specifications/activemodel-4.1.0.gemspec
I, [2014-08-10T15:07:19.138177 #21730]  INFO -- : 0:  arel (5.0.1.20140414130214) from /Users/okura/.rvm/gems/ruby-2.1.0/specifications/arel-5.0.1.20140414130214.gemspec
I, [2014-08-10T15:07:19.138733 #21730]  INFO -- : 0:  activerecord (4.1.0) from /Users/okura/.rvm/gems/ruby-2.1.0/specifications/activerecord-4.1.0.gemspec
I, [2014-08-10T15:07:19.139282 #21730]  INFO -- : 0:  bson (2.3.0) from /Users/okura/.rvm/gems/ruby-2.1.0/specifications/bson-2.3.0.gemspec
I, [2014-08-10T15:07:19.139816 #21730]  INFO -- : 0:  bundler (1.5.1) from /Users/okura/.rvm/gems/ruby-2.1.0@global/specifications/bundler-1.5.1.gemspec
I, [2014-08-10T15:07:19.140448 #21730]  INFO -- : 0:  carrierwave (0.10.0) from /Users/okura/.rvm/gems/ruby-2.1.0/specifications/carrierwave-0.10.0.gemspec
I, [2014-08-10T15:07:19.141573 #21730]  INFO -- : 0:  connection_pool (2.0.0) from /Users/okura/.rvm/gems/ruby-2.1.0/specifications/connection_pool-2.0.0.gemspec
I, [2014-08-10T15:07:19.142473 #21730]  INFO -- : 0:  optionable (0.2.0) from /Users/okura/.rvm/gems/ruby-2.1.0/specifications/optionable-0.2.0.gemspec
I, [2014-08-10T15:07:19.143094 #21730]  INFO -- : 0:  moped (2.0.0) from /Users/okura/.rvm/gems/ruby-2.1.0/specifications/moped-2.0.0.gemspec
I, [2014-08-10T15:07:19.143674 #21730]  INFO -- : 0:  origin (2.1.1) from /Users/okura/.rvm/gems/ruby-2.1.0/specifications/origin-2.1.1.gemspec
I, [2014-08-10T15:07:21.593251 #21730]  INFO -- : 0:  mongoid (4.0.0) from /Users/okura/.rvm/gems/ruby-2.1.0/bundler/gems/mongoid-8cb17e983997/mongoid.gemspec
I, [2014-08-10T15:07:21.593977 #21730]  INFO -- : 0:  mongoid-grid_fs (2.1.0) from /Users/okura/.rvm/gems/ruby-2.1.0/specifications/mongoid-grid_fs-2.1.0.gemspec
I, [2014-08-10T15:07:21.594528 #21730]  INFO -- : 0:  carrierwave-mongoid (0.7.1) from /Users/okura/.rvm/gems/ruby-2.1.0/specifications/carrierwave-mongoid-0.7.1.gemspec
I, [2014-08-10T15:07:21.595083 #21730]  INFO -- : 0:  coffee-script-source (1.7.1) from /Users/okura/.rvm/gems/ruby-2.1.0/specifications/coffee-script-source-1.7.1.gemspec
I, [2014-08-10T15:07:21.595631 #21730]  INFO -- : 0:  execjs (2.2.1) from /Users/okura/.rvm/gems/ruby-2.1.0/specifications/execjs-2.2.1.gemspec
I, [2014-08-10T15:07:21.596175 #21730]  INFO -- : 0:  coffee-script (2.3.0) from /Users/okura/.rvm/gems/ruby-2.1.0/specifications/coffee-script-2.3.0.gemspec
I, [2014-08-10T15:07:21.596715 #21730]  INFO -- : 0:  thor (0.19.1) from /Users/okura/.rvm/gems/ruby-2.1.0/specifications/thor-0.19.1.gemspec
I, [2014-08-10T15:07:21.597966 #21730]  INFO -- : 0:  railties (4.1.0) from /Users/okura/.rvm/gems/ruby-2.1.0/specifications/railties-4.1.0.gemspec
I, [2014-08-10T15:07:21.599144 #21730]  INFO -- : 0:  coffee-rails (4.0.1) from /Users/okura/.rvm/gems/ruby-2.1.0/specifications/coffee-rails-4.0.1.gemspec
I, [2014-08-10T15:07:21.599745 #21730]  INFO -- : 0:  commonjs (0.2.7) from /Users/okura/.rvm/gems/ruby-2.1.0/specifications/commonjs-0.2.7.gemspec
I, [2014-08-10T15:07:21.600313 #21730]  INFO -- : 0:  sass (3.2.19) from /Users/okura/.rvm/gems/ruby-2.1.0/specifications/sass-3.2.19.gemspec
I, [2014-08-10T15:07:21.600872 #21730]  INFO -- : 0:  hike (1.2.3) from /Users/okura/.rvm/gems/ruby-2.1.0/specifications/hike-1.2.3.gemspec
I, [2014-08-10T15:07:21.601457 #21730]  INFO -- : 0:  multi_json (1.10.1) from /Users/okura/.rvm/gems/ruby-2.1.0/specifications/multi_json-1.10.1.gemspec
I, [2014-08-10T15:07:21.602005 #21730]  INFO -- : 0:  tilt (1.4.1) from /Users/okura/.rvm/gems/ruby-2.1.0/specifications/tilt-1.4.1.gemspec
I, [2014-08-10T15:07:21.602611 #21730]  INFO -- : 0:  sprockets (2.11.0) from /Users/okura/.rvm/gems/ruby-2.1.0/specifications/sprockets-2.11.0.gemspec
I, [2014-08-10T15:07:21.603184 #21730]  INFO -- : 0:  sprockets-rails (2.1.3) from /Users/okura/.rvm/gems/ruby-2.1.0/specifications/sprockets-rails-2.1.3.gemspec
I, [2014-08-10T15:07:21.603757 #21730]  INFO -- : 0:  sass-rails (4.0.3) from /Users/okura/.rvm/gems/ruby-2.1.0/specifications/sass-rails-4.0.3.gemspec
I, [2014-08-10T15:07:21.604323 #21730]  INFO -- : 0:  font-awesome-sass-rails (3.0.2.2) from /Users/okura/.rvm/gems/ruby-2.1.0/specifications/font-awesome-sass-rails-3.0.2.2.gemspec
I, [2014-08-10T15:07:21.605288 #21730]  INFO -- : 0:  jbuilder (1.5.3) from /Users/okura/.rvm/gems/ruby-2.1.0/specifications/jbuilder-1.5.3.gemspec
I, [2014-08-10T15:07:21.606910 #21730]  INFO -- : 0:  jquery-rails (3.1.1) from /Users/okura/.rvm/gems/ruby-2.1.0/specifications/jquery-rails-3.1.1.gemspec
I, [2014-08-10T15:07:21.607954 #21730]  INFO -- : 0:  rails (4.1.0) from /Users/okura/.rvm/gems/ruby-2.1.0/specifications/rails-4.1.0.gemspec
I, [2014-08-10T15:07:21.750737 #21730]  INFO -- : 0:  jquery-raty-rails (0.0.1) from /Users/okura/.rvm/gems/ruby-2.1.0/bundler/gems/jquery-raty-rails-f362f17c0ff3/jquery-raty-rails.gemspec
I, [2014-08-10T15:07:21.751528 #21730]  INFO -- : 0:  jquery-ui-rails (5.0.0) from /Users/okura/.rvm/gems/ruby-2.1.0/specifications/jquery-ui-rails-5.0.0.gemspec
I, [2014-08-10T15:07:21.752065 #21730]  INFO -- : 0:  kaminari (0.15.0) from /Users/okura/.rvm/gems/ruby-2.1.0/specifications/kaminari-0.15.0.gemspec
I, [2014-08-10T15:07:21.752588 #21730]  INFO -- : 0:  less (2.5.1) from /Users/okura/.rvm/gems/ruby-2.1.0/specifications/less-2.5.1.gemspec
I, [2014-08-10T15:07:21.753159 #21730]  INFO -- : 0:  less-rails (2.5.0) from /Users/okura/.rvm/gems/ruby-2.1.0/specifications/less-rails-2.5.0.gemspec
I, [2014-08-10T15:07:21.754470 #21730]  INFO -- : 0:  libv8 (3.16.14.3) from /Users/okura/.rvm/gems/ruby-2.1.0/specifications/libv8-3.16.14.3-x86_64-darwin-12.gemspec
I, [2014-08-10T15:07:21.755515 #21730]  INFO -- : 0:  rdoc (4.1.1) from /Users/okura/.rvm/gems/ruby-2.1.0/specifications/rdoc-4.1.1.gemspec
I, [2014-08-10T15:07:21.756633 #21730]  INFO -- : 0:  ref (1.0.5) from /Users/okura/.rvm/gems/ruby-2.1.0/specifications/ref-1.0.5.gemspec
I, [2014-08-10T15:07:21.757200 #21730]  INFO -- : 0:  sdoc (0.4.0) from /Users/okura/.rvm/gems/ruby-2.1.0/specifications/sdoc-0.4.0.gemspec
I, [2014-08-10T15:07:21.757728 #21730]  INFO -- : 0:  temple (0.6.8) from /Users/okura/.rvm/gems/ruby-2.1.0/specifications/temple-0.6.8.gemspec
I, [2014-08-10T15:07:21.758223 #21730]  INFO -- : 0:  slim (2.0.3) from /Users/okura/.rvm/gems/ruby-2.1.0/specifications/slim-2.0.3.gemspec
I, [2014-08-10T15:07:21.758768 #21730]  INFO -- : 0:  slim-rails (2.1.5) from /Users/okura/.rvm/gems/ruby-2.1.0/specifications/slim-rails-2.1.5.gemspec
I, [2014-08-10T15:07:21.759295 #21730]  INFO -- : 0:  therubyracer (0.12.1) from /Users/okura/.rvm/gems/ruby-2.1.0/specifications/therubyracer-0.12.1.gemspec
I, [2014-08-10T15:07:21.759832 #21730]  INFO -- : 0:  turbolinks (2.2.2) from /Users/okura/.rvm/gems/ruby-2.1.0/specifications/turbolinks-2.2.2.gemspec
I, [2014-08-10T15:07:22.436307 #21730]  INFO -- : 0:  twitter-bootstrap-rails (2.2.8) from /Users/okura/.rvm/gems/ruby-2.1.0/bundler/gems/twitter-bootstrap-rails-38476dbd7f9a/twitter-bootstrap-rails.gemspec
I, [2014-08-10T15:07:22.437000 #21730]  INFO -- : 0:  twitter-bootswatch-rails (3.2.0.0) from /Users/okura/.rvm/gems/ruby-2.1.0/specifications/twitter-bootswatch-rails-3.2.0.0.gemspec
I, [2014-08-10T15:07:22.437555 #21730]  INFO -- : 0:  twitter-bootswatch-rails-helpers (3.2.0.0) from /Users/okura/.rvm/gems/ruby-2.1.0/specifications/twitter-bootswatch-rails-helpers-3.2.0.0.gemspec
I, [2014-08-10T15:07:22.438082 #21730]  INFO -- : 0:  uglifier (2.5.3) from /Users/okura/.rvm/gems/ruby-2.1.0/specifications/uglifier-2.5.3.gemspec
